\BOOKMARK [2][]{subsection.0.1}{\376\377\0000\000.\0001\000\040\000P\000y\000t\000h\000o\000n\000\040\145\131\172\013}{}% 1
\BOOKMARK [3][]{subsubsection.0.1.1}{\376\377\0000\000.\0001\000.\0001\000\040\121\163\116\216\117\134\200\005}{subsection.0.1}% 2
\BOOKMARK [1][]{section.1}{\376\377\0001\000\040\000P\000y\000t\000h\000o\000n\173\200\116\313}{}% 3
\BOOKMARK [2][]{subsection.1.1}{\376\377\0001\000.\0001\000\040\000P\000y\000t\000h\000o\000n\000\040\173\200\116\313}{section.1}% 4
\BOOKMARK [1][]{section.2}{\376\377\0002\000\040\133\211\210\305\000P\000y\000t\000h\000o\000n}{}% 5
\BOOKMARK [2][]{subsection.2.1}{\376\377\0002\000.\0001\000\040\133\211\210\305\000\040\000P\000y\000t\000h\000o\000n}{section.2}% 6
\BOOKMARK [3][]{subsubsection.2.1.1}{\376\377\0002\000.\0001\000.\0001\000\040\133\211\210\305\000\040\000P\000y\000t\000h\000o\000n\000\040\0003\000.\0008}{subsection.2.1}% 7
\BOOKMARK [3][]{subsubsection.2.1.2}{\376\377\0002\000.\0001\000.\0002\000\040\127\050\000\040\000M\000a\000c\000\040\116\012\133\211\210\305\000\040\000P\000y\000t\000h\000o\000n}{subsection.2.1}% 8
\BOOKMARK [3][]{subsubsection.2.1.3}{\376\377\0002\000.\0001\000.\0003\000\040\127\050\000\040\000L\000i\000n\000u\000x\000\040\116\012\133\211\210\305\000\040\000P\000y\000t\000h\000o\000n}{subsection.2.1}% 9
\BOOKMARK [3][]{subsubsection.2.1.4}{\376\377\0002\000.\0001\000.\0004\000\040\127\050\000\040\000W\000i\000n\000d\000o\000w\000s\000\040\116\012\133\211\210\305\000\040\000P\000y\000t\000h\000o\000n}{subsection.2.1}% 10
\BOOKMARK [3][]{subsubsection.2.1.5}{\376\377\0002\000.\0001\000.\0005\000\040\217\320\210\114\000\040\000P\000y\000t\000h\000o\000n}{subsection.2.1}% 11
\BOOKMARK [3][]{subsubsection.2.1.6}{\376\377\0002\000.\0001\000.\0006\000\040\134\017\176\323}{subsection.2.1}% 12
\BOOKMARK [2][]{subsection.2.2}{\376\377\0002\000.\0002\000\040\000P\000y\000t\000h\000o\000n\000\040\211\343\221\312\126\150}{section.2}% 13
\BOOKMARK [3][]{subsubsection.2.2.1}{\376\377\0002\000.\0002\000.\0001\000\040\000C\000P\000y\000t\000h\000o\000n}{subsection.2.2}% 14
\BOOKMARK [3][]{subsubsection.2.2.2}{\376\377\0002\000.\0002\000.\0002\000\040\000I\000P\000y\000t\000h\000o\000n}{subsection.2.2}% 15
\BOOKMARK [3][]{subsubsection.2.2.3}{\376\377\0002\000.\0002\000.\0003\000\040\000P\000y\000P\000y}{subsection.2.2}% 16
\BOOKMARK [3][]{subsubsection.2.2.4}{\376\377\0002\000.\0002\000.\0004\000\040\000J\000y\000t\000h\000o\000n}{subsection.2.2}% 17
\BOOKMARK [3][]{subsubsection.2.2.5}{\376\377\0002\000.\0002\000.\0005\000\040\000I\000r\000o\000n\000P\000y\000t\000h\000o\000n}{subsection.2.2}% 18
\BOOKMARK [3][]{subsubsection.2.2.6}{\376\377\0002\000.\0002\000.\0006\000\040\134\017\176\323}{subsection.2.2}% 19
\BOOKMARK [1][]{section.3}{\376\377\0003\000\040\173\054\116\000\116\052\000P\000y\000t\000h\000o\000n\172\013\136\217}{}% 20
\BOOKMARK [2][]{subsection.3.1}{\376\377\0003\000.\0001\000\040\173\054\116\000\116\052\000\040\000P\000y\000t\000h\000o\000n\000\040\172\013\136\217}{section.3}% 21
\BOOKMARK [3][]{subsubsection.3.1.1}{\376\377\0003\000.\0001\000.\0001\000\040\124\175\116\344\210\114\152\041\137\017}{subsection.3.1}% 22
\BOOKMARK [3][]{subsubsection.3.1.2}{\376\377\0003\000.\0001\000.\0002\000\040\000P\000y\000t\000h\000o\000n\000\040\116\244\116\222\152\041\137\017}{subsection.3.1}% 23
\BOOKMARK [3][]{subsubsection.3.1.3}{\376\377\0003\000.\0001\000.\0003\000\040\124\175\116\344\210\114\152\041\137\017\124\214\000\040\000P\000y\000t\000h\000o\000n\000\040\116\244\116\222\152\041\137\017}{subsection.3.1}% 24
\BOOKMARK [3][]{subsubsection.3.1.4}{\376\377\0003\000.\0001\000.\0004\000\040\134\017\176\323}{subsection.3.1}% 25
\BOOKMARK [2][]{subsection.3.2}{\376\377\0003\000.\0002\000\040\117\177\165\050\145\207\147\054\177\026\217\221\126\150}{section.3}% 26
\BOOKMARK [3][]{subsubsection.3.2.1}{\376\377\0003\000.\0002\000.\0001\000\040\166\364\143\245\217\320\210\114\000\040\000p\000y\000\040\145\207\116\366}{subsection.3.2}% 27
\BOOKMARK [3][]{subsubsection.3.2.2}{\376\377\0003\000.\0002\000.\0002\000\040\134\017\176\323}{subsection.3.2}% 28
\BOOKMARK [3][]{subsubsection.3.2.3}{\376\377\0003\000.\0002\000.\0003\000\040\123\302\200\003\156\220\170\001}{subsection.3.2}% 29
\BOOKMARK [2][]{subsection.3.3}{\376\377\0003\000.\0003\000\040\000P\000y\000t\000h\000o\000n\000\040\116\343\170\001\217\320\210\114\122\251\142\113}{section.3}% 30
\BOOKMARK [3][]{subsubsection.3.3.1}{\376\377\0003\000.\0003\000.\0001\000\040\213\325\213\325\145\110\147\234}{subsection.3.3}% 31
\BOOKMARK [2][]{subsection.3.4}{\376\377\0003\000.\0004\000\040\217\223\121\145\124\214\217\223\121\372}{section.3}% 32
\BOOKMARK [3][]{subsubsection.3.4.1}{\376\377\0003\000.\0004\000.\0001\000\040\217\223\121\372}{subsection.3.4}% 33
\BOOKMARK [3][]{subsubsection.3.4.2}{\376\377\0003\000.\0004\000.\0002\000\040\217\223\121\145}{subsection.3.4}% 34
\BOOKMARK [3][]{subsubsection.3.4.3}{\376\377\0003\000.\0004\000.\0003\000\040\134\017\176\323}{subsection.3.4}% 35
\BOOKMARK [3][]{subsubsection.3.4.4}{\376\377\0003\000.\0004\000.\0004\000\040\176\303\116\140}{subsection.3.4}% 36
\BOOKMARK [3][]{subsubsection.3.4.5}{\376\377\0003\000.\0004\000.\0005\000\040\123\302\200\003\156\220\170\001}{subsection.3.4}% 37
\BOOKMARK [1][]{section.4}{\376\377\0004\000\040\000P\000y\000t\000h\000o\000n\127\372\170\100}{}% 38
\BOOKMARK [2][]{subsection.4.1}{\376\377\0004\000.\0001\000\040\000P\000y\000t\000h\000o\000n\000\040\127\372\170\100}{section.4}% 39
\BOOKMARK [3][]{subsubsection.4.1.1}{\376\377\0004\000.\0001\000.\0001\000\040\134\017\176\323}{subsection.4.1}% 40
\BOOKMARK [2][]{subsection.4.2}{\376\377\0004\000.\0002\000\040\145\160\143\156\174\173\127\213\124\214\123\330\221\317}{section.4}% 41
\BOOKMARK [3][]{subsubsection.4.2.1}{\376\377\0004\000.\0002\000.\0001\000\040\145\160\143\156\174\173\127\213}{subsection.4.2}% 42
\BOOKMARK [3][]{subsubsection.4.2.2}{\376\377\0004\000.\0002\000.\0002\000\040\123\330\221\317}{subsection.4.2}% 43
\BOOKMARK [3][]{subsubsection.4.2.3}{\376\377\0004\000.\0002\000.\0003\000\040\136\070\221\317}{subsection.4.2}% 44
\BOOKMARK [3][]{subsubsection.4.2.4}{\376\377\0004\000.\0002\000.\0004\000\040\176\303\116\140}{subsection.4.2}% 45
\BOOKMARK [3][]{subsubsection.4.2.5}{\376\377\0004\000.\0002\000.\0005\000\040\134\017\176\323}{subsection.4.2}% 46
\BOOKMARK [2][]{subsection.4.3}{\376\377\0004\000.\0003\000\040\133\127\173\046\116\062\124\214\177\026\170\001}{section.4}% 47
\BOOKMARK [3][]{subsubsection.4.3.1}{\376\377\0004\000.\0003\000.\0001\000\040\133\127\173\046\177\026\170\001}{subsection.4.3}% 48
\BOOKMARK [3][]{subsubsection.4.3.2}{\376\377\0004\000.\0003\000.\0002\000\040\000P\000y\000t\000h\000o\000n\000\040\166\204\133\127\173\046\116\062}{subsection.4.3}% 49
\BOOKMARK [3][]{subsubsection.4.3.3}{\376\377\0004\000.\0003\000.\0003\000\040\150\074\137\017\123\026}{subsection.4.3}% 50
\BOOKMARK [3][]{subsubsection.4.3.4}{\376\377\0004\000.\0003\000.\0004\000\040\000f\000o\000r\000m\000a\000t\000\050\000\051}{subsection.4.3}% 51
\BOOKMARK [3][]{subsubsection.4.3.5}{\376\377\0004\000.\0003\000.\0005\000\040\000f\000-\000s\000t\000r\000i\000n\000g}{subsection.4.3}% 52
\BOOKMARK [3][]{subsubsection.4.3.6}{\376\377\0004\000.\0003\000.\0006\000\040\176\303\116\140}{subsection.4.3}% 53
\BOOKMARK [3][]{subsubsection.4.3.7}{\376\377\0004\000.\0003\000.\0007\000\040\134\017\176\323}{subsection.4.3}% 54
\BOOKMARK [3][]{subsubsection.4.3.8}{\376\377\0004\000.\0003\000.\0008\000\040\123\302\200\003\156\220\170\001}{subsection.4.3}% 55
\BOOKMARK [2][]{subsection.4.4}{\376\377\0004\000.\0004\000\040\117\177\165\050\000\040\000l\000i\000s\000t\000\040\124\214\000\040\000t\000u\000p\000l\000e}{section.4}% 56
\BOOKMARK [3][]{subsubsection.4.4.1}{\376\377\0004\000.\0004\000.\0001\000\040\000l\000i\000s\000t}{subsection.4.4}% 57
\BOOKMARK [3][]{subsubsection.4.4.2}{\376\377\0004\000.\0004\000.\0002\000\040\000t\000u\000p\000l\000e}{subsection.4.4}% 58
\BOOKMARK [3][]{subsubsection.4.4.3}{\376\377\0004\000.\0004\000.\0003\000\040\176\303\116\140}{subsection.4.4}% 59
\BOOKMARK [3][]{subsubsection.4.4.4}{\376\377\0004\000.\0004\000.\0004\000\040\134\017\176\323}{subsection.4.4}% 60
\BOOKMARK [3][]{subsubsection.4.4.5}{\376\377\0004\000.\0004\000.\0005\000\040\123\302\200\003\156\220\170\001}{subsection.4.4}% 61
\BOOKMARK [2][]{subsection.4.5}{\376\377\0004\000.\0005\000\040\147\141\116\366\122\044\145\255}{section.4}% 62
\BOOKMARK [3][]{subsubsection.4.5.1}{\376\377\0004\000.\0005\000.\0001\000\040\147\141\116\366\122\044\145\255}{subsection.4.5}% 63
\BOOKMARK [3][]{subsubsection.4.5.2}{\376\377\0004\000.\0005\000.\0002\000\040\121\215\213\256\000\040\000i\000n\000p\000u\000t}{subsection.4.5}% 64
\BOOKMARK [3][]{subsubsection.4.5.3}{\376\377\0004\000.\0005\000.\0003\000\040\176\303\116\140}{subsection.4.5}% 65
\BOOKMARK [3][]{subsubsection.4.5.4}{\376\377\0004\000.\0005\000.\0004\000\040\134\017\176\323}{subsection.4.5}% 66
\BOOKMARK [3][]{subsubsection.4.5.5}{\376\377\0004\000.\0005\000.\0005\000\040\123\302\200\003\156\220\170\001}{subsection.4.5}% 67
\BOOKMARK [2][]{subsection.4.6}{\376\377\0004\000.\0006\000\040\137\252\163\257}{section.4}% 68
\BOOKMARK [3][]{subsubsection.4.6.1}{\376\377\0004\000.\0006\000.\0001\000\040\137\252\163\257}{subsection.4.6}% 69
\BOOKMARK [3][]{subsubsection.4.6.2}{\376\377\0004\000.\0006\000.\0002\000\040\176\303\116\140}{subsection.4.6}% 70
\BOOKMARK [3][]{subsubsection.4.6.3}{\376\377\0004\000.\0006\000.\0003\000\040\000b\000r\000e\000a\000k}{subsection.4.6}% 71
\BOOKMARK [3][]{subsubsection.4.6.4}{\376\377\0004\000.\0006\000.\0004\000\040\000c\000o\000n\000t\000i\000n\000u\000e}{subsection.4.6}% 72
\BOOKMARK [3][]{subsubsection.4.6.5}{\376\377\0004\000.\0006\000.\0005\000\040\134\017\176\323}{subsection.4.6}% 73
\BOOKMARK [3][]{subsubsection.4.6.6}{\376\377\0004\000.\0006\000.\0006\000\040\123\302\200\003\156\220\170\001}{subsection.4.6}% 74
\BOOKMARK [2][]{subsection.4.7}{\376\377\0004\000.\0007\000\040\117\177\165\050\000\040\000d\000i\000c\000t\000\040\124\214\000\040\000s\000e\000t}{section.4}% 75
\BOOKMARK [3][]{subsubsection.4.7.1}{\376\377\0004\000.\0007\000.\0001\000\040\000d\000i\000c\000t}{subsection.4.7}% 76
\BOOKMARK [3][]{subsubsection.4.7.2}{\376\377\0004\000.\0007\000.\0002\000\040\000s\000e\000t}{subsection.4.7}% 77
\BOOKMARK [3][]{subsubsection.4.7.3}{\376\377\0004\000.\0007\000.\0003\000\040\121\215\213\256\116\015\123\357\123\330\133\371\214\141}{subsection.4.7}% 78
\BOOKMARK [3][]{subsubsection.4.7.4}{\376\377\0004\000.\0007\000.\0004\000\040\134\017\176\323}{subsection.4.7}% 79
\BOOKMARK [3][]{subsubsection.4.7.5}{\376\377\0004\000.\0007\000.\0005\000\040\123\302\200\003\156\220\170\001}{subsection.4.7}% 80
\BOOKMARK [1][]{section.5}{\376\377\0005\000\040\121\375\145\160}{}% 81
\BOOKMARK [2][]{subsection.5.1}{\376\377\0005\000.\0001\000\040\121\375\145\160}{section.5}% 82
\BOOKMARK [3][]{subsubsection.5.1.1}{\376\377\0005\000.\0001\000.\0001\000\040\142\275\214\141}{subsection.5.1}% 83
\BOOKMARK [2][]{subsection.5.2}{\376\377\0005\000.\0002\000\040\214\003\165\050\121\375\145\160}{section.5}% 84
\BOOKMARK [3][]{subsubsection.5.2.1}{\376\377\0005\000.\0002\000.\0001\000\040\145\160\143\156\174\173\127\213\217\154\143\142}{subsection.5.2}% 85
\BOOKMARK [3][]{subsubsection.5.2.2}{\376\377\0005\000.\0002\000.\0002\000\040\176\303\116\140}{subsection.5.2}% 86
\BOOKMARK [3][]{subsubsection.5.2.3}{\376\377\0005\000.\0002\000.\0003\000\040\134\017\176\323}{subsection.5.2}% 87
\BOOKMARK [3][]{subsubsection.5.2.4}{\376\377\0005\000.\0002\000.\0004\000\040\123\302\200\003\156\220\170\001}{subsection.5.2}% 88
\BOOKMARK [2][]{subsection.5.3}{\376\377\0005\000.\0003\000\040\133\232\116\111\121\375\145\160}{section.5}% 89
\BOOKMARK [3][]{subsubsection.5.3.1}{\376\377\0005\000.\0003\000.\0001\000\040\172\172\121\375\145\160}{subsection.5.3}% 90
\BOOKMARK [3][]{subsubsection.5.3.2}{\376\377\0005\000.\0003\000.\0002\000\040\123\302\145\160\150\300\147\345}{subsection.5.3}% 91
\BOOKMARK [3][]{subsubsection.5.3.3}{\376\377\0005\000.\0003\000.\0003\000\040\217\324\126\336\131\032\116\052\120\074}{subsection.5.3}% 92
\BOOKMARK [3][]{subsubsection.5.3.4}{\376\377\0005\000.\0003\000.\0004\000\040\134\017\176\323}{subsection.5.3}% 93
\BOOKMARK [3][]{subsubsection.5.3.5}{\376\377\0005\000.\0003\000.\0005\000\040\176\303\116\140}{subsection.5.3}% 94
\BOOKMARK [3][]{subsubsection.5.3.6}{\376\377\0005\000.\0003\000.\0006\000\040\123\302\200\003\156\220\170\001}{subsection.5.3}% 95
\BOOKMARK [2][]{subsection.5.4}{\376\377\0005\000.\0004\000\040\121\375\145\160\166\204\123\302\145\160}{section.5}% 96
\BOOKMARK [3][]{subsubsection.5.4.1}{\376\377\0005\000.\0004\000.\0001\000\040\117\115\177\156\123\302\145\160}{subsection.5.4}% 97
\BOOKMARK [3][]{subsubsection.5.4.2}{\376\377\0005\000.\0004\000.\0002\000\040\236\330\213\244\123\302\145\160}{subsection.5.4}% 98
\BOOKMARK [3][]{subsubsection.5.4.3}{\376\377\0005\000.\0004\000.\0003\000\040\123\357\123\330\123\302\145\160}{subsection.5.4}% 99
\BOOKMARK [3][]{subsubsection.5.4.4}{\376\377\0005\000.\0004\000.\0004\000\040\121\163\225\056\133\127\123\302\145\160}{subsection.5.4}% 100
\BOOKMARK [3][]{subsubsection.5.4.5}{\376\377\0005\000.\0004\000.\0005\000\040\124\175\124\015\121\163\225\056\133\127\123\302\145\160}{subsection.5.4}% 101
\BOOKMARK [3][]{subsubsection.5.4.6}{\376\377\0005\000.\0004\000.\0006\000\040\123\302\145\160\176\304\124\010}{subsection.5.4}% 102
\BOOKMARK [3][]{subsubsection.5.4.7}{\376\377\0005\000.\0004\000.\0007\000\040\176\303\116\140}{subsection.5.4}% 103
\BOOKMARK [3][]{subsubsection.5.4.8}{\376\377\0005\000.\0004\000.\0008\000\040\134\017\176\323}{subsection.5.4}% 104
\BOOKMARK [3][]{subsubsection.5.4.9}{\376\377\0005\000.\0004\000.\0009\000\040\123\302\200\003\156\220\170\001}{subsection.5.4}% 105
\BOOKMARK [2][]{subsection.5.5}{\376\377\0005\000.\0005\000\040\220\022\137\122\121\375\145\160}{section.5}% 106
\BOOKMARK [3][]{subsubsection.5.5.1}{\376\377\0005\000.\0005\000.\0001\000\040\134\017\176\323}{subsection.5.5}% 107
\BOOKMARK [3][]{subsubsection.5.5.2}{\376\377\0005\000.\0005\000.\0002\000\040\176\303\116\140}{subsection.5.5}% 108
\BOOKMARK [3][]{subsubsection.5.5.3}{\376\377\0005\000.\0005\000.\0003\000\040\123\302\200\003\156\220\170\001}{subsection.5.5}% 109
\BOOKMARK [1][]{section.6}{\376\377\0006\000\040\232\330\176\247\162\171\140\047}{}% 110
\BOOKMARK [2][]{subsection.6.1}{\376\377\0006\000.\0001\000\040\232\330\176\247\162\171\140\047}{section.6}% 111
\BOOKMARK [2][]{subsection.6.2}{\376\377\0006\000.\0002\000\040\122\007\162\107}{section.6}% 112
\BOOKMARK [3][]{subsubsection.6.2.1}{\376\377\0006\000.\0002\000.\0001\000\040\176\303\116\140}{subsection.6.2}% 113
\BOOKMARK [3][]{subsubsection.6.2.2}{\376\377\0006\000.\0002\000.\0002\000\040\134\017\176\323}{subsection.6.2}% 114
\BOOKMARK [3][]{subsubsection.6.2.3}{\376\377\0006\000.\0002\000.\0003\000\040\123\302\200\003\156\220\170\001}{subsection.6.2}% 115
\BOOKMARK [2][]{subsection.6.3}{\376\377\0006\000.\0003\000\040\217\355\116\343}{section.6}% 116
\BOOKMARK [3][]{subsubsection.6.3.1}{\376\377\0006\000.\0003\000.\0001\000\040\176\303\116\140}{subsection.6.3}% 117
\BOOKMARK [3][]{subsubsection.6.3.2}{\376\377\0006\000.\0003\000.\0002\000\040\134\017\176\323}{subsection.6.3}% 118
\BOOKMARK [3][]{subsubsection.6.3.3}{\376\377\0006\000.\0003\000.\0003\000\040\123\302\200\003\156\220\170\001}{subsection.6.3}% 119
\BOOKMARK [2][]{subsection.6.4}{\376\377\0006\000.\0004\000\040\122\027\210\150\165\037\142\020\137\017}{section.6}% 120
\BOOKMARK [3][]{subsubsection.6.4.1}{\376\377\0006\000.\0004\000.\0001\000\040\000i\000f\000\040\040\046\000\040\000e\000l\000s\000e}{subsection.6.4}% 121
\BOOKMARK [3][]{subsubsection.6.4.2}{\376\377\0006\000.\0004\000.\0002\000\040\176\303\116\140}{subsection.6.4}% 122
\BOOKMARK [3][]{subsubsection.6.4.3}{\376\377\0006\000.\0004\000.\0003\000\040\134\017\176\323}{subsection.6.4}% 123
\BOOKMARK [3][]{subsubsection.6.4.4}{\376\377\0006\000.\0004\000.\0004\000\040\123\302\200\003\156\220\170\001}{subsection.6.4}% 124
\BOOKMARK [2][]{subsection.6.5}{\376\377\0006\000.\0005\000\040\165\037\142\020\126\150}{section.6}% 125
\BOOKMARK [3][]{subsubsection.6.5.1}{\376\377\0006\000.\0005\000.\0001\000\040\176\303\116\140}{subsection.6.5}% 126
\BOOKMARK [3][]{subsubsection.6.5.2}{\376\377\0006\000.\0005\000.\0002\000\040\134\017\176\323}{subsection.6.5}% 127
\BOOKMARK [3][]{subsubsection.6.5.3}{\376\377\0006\000.\0005\000.\0003\000\040\123\302\200\003\156\220\170\001}{subsection.6.5}% 128
\BOOKMARK [2][]{subsection.6.6}{\376\377\0006\000.\0006\000\040\217\355\116\343\126\150}{section.6}% 129
\BOOKMARK [3][]{subsubsection.6.6.1}{\376\377\0006\000.\0006\000.\0001\000\040\134\017\176\323}{subsection.6.6}% 130
\BOOKMARK [3][]{subsubsection.6.6.2}{\376\377\0006\000.\0006\000.\0002\000\040\123\302\200\003\156\220\170\001}{subsection.6.6}% 131
\BOOKMARK [1][]{section.7}{\376\377\0007\000\040\121\375\145\160\137\017\177\026\172\013}{}% 132
\BOOKMARK [2][]{subsection.7.1}{\376\377\0007\000.\0001\000\040\121\375\145\160\137\017\177\026\172\013}{section.7}% 133
\BOOKMARK [2][]{subsection.7.2}{\376\377\0007\000.\0002\000\040\232\330\226\066\121\375\145\160}{section.7}% 134
\BOOKMARK [3][]{subsubsection.7.2.1}{\376\377\0007\000.\0002\000.\0001\000\040\123\330\221\317\123\357\116\345\143\007\124\021\121\375\145\160}{subsection.7.2}% 135
\BOOKMARK [3][]{subsubsection.7.2.2}{\376\377\0007\000.\0002\000.\0002\000\040\121\375\145\160\124\015\116\137\146\057\123\330\221\317}{subsection.7.2}% 136
\BOOKMARK [3][]{subsubsection.7.2.3}{\376\377\0007\000.\0002\000.\0003\000\040\117\040\121\145\121\375\145\160}{subsection.7.2}% 137
\BOOKMARK [3][]{subsubsection.7.2.4}{\376\377\0007\000.\0002\000.\0004\000\040\134\017\176\323}{subsection.7.2}% 138
\BOOKMARK [2][]{subsection.7.3}{\376\377\0007\000.\0003\000\040\000m\000a\000p\000\040\000r\000e\000d\000u\000c\000e}{section.7}% 139
\BOOKMARK [3][]{subsubsection.7.3.1}{\376\377\0007\000.\0003\000.\0001\000\040\176\303\116\140}{subsection.7.3}% 140
\BOOKMARK [3][]{subsubsection.7.3.2}{\376\377\0007\000.\0003\000.\0002\000\040\123\302\200\003\116\343\170\001}{subsection.7.3}% 141
\BOOKMARK [2][]{subsection.7.4}{\376\377\0007\000.\0004\000\040\000f\000i\000l\000t\000e\000r}{section.7}% 142
\BOOKMARK [3][]{subsubsection.7.4.1}{\376\377\0007\000.\0004\000.\0001\000\040\165\050\000\040\000f\000i\000l\000t\000e\000r\000\040\154\102\175\040\145\160}{subsection.7.4}% 143
\BOOKMARK [3][]{subsubsection.7.4.2}{\376\377\0007\000.\0004\000.\0002\000\040\176\303\116\140}{subsection.7.4}% 144
\BOOKMARK [3][]{subsubsection.7.4.3}{\376\377\0007\000.\0004\000.\0003\000\040\134\017\176\323}{subsection.7.4}% 145
\BOOKMARK [3][]{subsubsection.7.4.4}{\376\377\0007\000.\0004\000.\0004\000\040\123\302\200\003\156\220\170\001}{subsection.7.4}% 146
\BOOKMARK [2][]{subsection.7.5}{\376\377\0007\000.\0005\000\040\000s\000o\000r\000t\000e\000d}{section.7}% 147
\BOOKMARK [3][]{subsubsection.7.5.1}{\376\377\0007\000.\0005\000.\0001\000\040\143\222\136\217\173\227\154\325}{subsection.7.5}% 148
\BOOKMARK [3][]{subsubsection.7.5.2}{\376\377\0007\000.\0005\000.\0002\000\040\134\017\176\323}{subsection.7.5}% 149
\BOOKMARK [3][]{subsubsection.7.5.3}{\376\377\0007\000.\0005\000.\0003\000\040\176\303\116\140}{subsection.7.5}% 150
\BOOKMARK [3][]{subsubsection.7.5.4}{\376\377\0007\000.\0005\000.\0004\000\040\123\302\200\003\156\220\170\001}{subsection.7.5}% 151
\BOOKMARK [2][]{subsection.7.6}{\376\377\0007\000.\0006\000\040\217\324\126\336\121\375\145\160}{section.7}% 152
\BOOKMARK [3][]{subsubsection.7.6.1}{\376\377\0007\000.\0006\000.\0001\000\040\121\375\145\160\117\134\116\072\217\324\126\336\120\074}{subsection.7.6}% 153
\BOOKMARK [3][]{subsubsection.7.6.2}{\376\377\0007\000.\0006\000.\0002\000\040\225\355\123\005}{subsection.7.6}% 154
\BOOKMARK [3][]{subsubsection.7.6.3}{\376\377\0007\000.\0006\000.\0003\000\040\176\303\116\140}{subsection.7.6}% 155
\BOOKMARK [3][]{subsubsection.7.6.4}{\376\377\0007\000.\0006\000.\0004\000\040\134\017\176\323}{subsection.7.6}% 156
\BOOKMARK [3][]{subsubsection.7.6.5}{\376\377\0007\000.\0006\000.\0005\000\040\123\302\200\003\156\220\170\001}{subsection.7.6}% 157
\BOOKMARK [2][]{subsection.7.7}{\376\377\0007\000.\0007\000\040\123\077\124\015\121\375\145\160}{section.7}% 158
\BOOKMARK [3][]{subsubsection.7.7.1}{\376\377\0007\000.\0007\000.\0001\000\040\176\303\116\140}{subsection.7.7}% 159
\BOOKMARK [3][]{subsubsection.7.7.2}{\376\377\0007\000.\0007\000.\0002\000\040\134\017\176\323}{subsection.7.7}% 160
\BOOKMARK [2][]{subsection.7.8}{\376\377\0007\000.\0008\000\040\210\305\231\160\126\150}{section.7}% 161
\BOOKMARK [3][]{subsubsection.7.8.1}{\376\377\0007\000.\0008\000.\0001\000\040\176\303\116\140}{subsection.7.8}% 162
\BOOKMARK [3][]{subsubsection.7.8.2}{\376\377\0007\000.\0008\000.\0002\000\040\134\017\176\323}{subsection.7.8}% 163
\BOOKMARK [3][]{subsubsection.7.8.3}{\376\377\0007\000.\0008\000.\0003\000\040\123\302\200\003\156\220\170\001}{subsection.7.8}% 164
\BOOKMARK [2][]{subsection.7.9}{\376\377\0007\000.\0009\000\040\120\117\121\375\145\160}{section.7}% 165
\BOOKMARK [3][]{subsubsection.7.9.1}{\376\377\0007\000.\0009\000.\0001\000\040\134\017\176\323}{subsection.7.9}% 166
\BOOKMARK [3][]{subsubsection.7.9.2}{\376\377\0007\000.\0009\000.\0002\000\040\123\302\200\003\156\220\170\001}{subsection.7.9}% 167
\BOOKMARK [1][]{section.8}{\376\377\0008\000\040\152\041\127\127}{}% 168
\BOOKMARK [2][]{subsection.8.1}{\376\377\0008\000.\0001\000\040\152\041\127\127}{section.8}% 169
\BOOKMARK [3][]{subsubsection.8.1.1}{\376\377\0008\000.\0001\000.\0001\000\040\140\073\176\323}{subsection.8.1}% 170
\BOOKMARK [2][]{subsection.8.2}{\376\377\0008\000.\0002\000\040\117\177\165\050\152\041\127\127}{section.8}% 171
\BOOKMARK [3][]{subsubsection.8.2.1}{\376\377\0008\000.\0002\000.\0001\000\040\117\134\165\050\127\337}{subsection.8.2}% 172
\BOOKMARK [2][]{subsection.8.3}{\376\377\0008\000.\0003\000\040\133\211\210\305\173\054\116\011\145\271\152\041\127\127}{section.8}% 173
\BOOKMARK [3][]{subsubsection.8.3.1}{\376\377\0008\000.\0003\000.\0001\000\040\133\211\210\305\136\070\165\050\152\041\127\127}{subsection.8.3}% 174
\BOOKMARK [3][]{subsubsection.8.3.2}{\376\377\0008\000.\0003\000.\0002\000\040\152\041\127\127\144\034\175\042\215\357\137\204}{subsection.8.3}% 175
\BOOKMARK [1][]{section.9}{\376\377\0009\000\040\227\142\124\021\133\371\214\141\177\026\172\013}{}% 176
\BOOKMARK [2][]{subsection.9.1}{\376\377\0009\000.\0001\000\040\227\142\124\021\133\371\214\141\177\026\172\013}{section.9}% 177
\BOOKMARK [3][]{subsubsection.9.1.1}{\376\377\0009\000.\0001\000.\0001\000\040\134\017\176\323}{subsection.9.1}% 178
\BOOKMARK [2][]{subsection.9.2}{\376\377\0009\000.\0002\000\040\174\173\124\214\133\236\117\213}{section.9}% 179
\BOOKMARK [3][]{subsubsection.9.2.1}{\376\377\0009\000.\0002\000.\0001\000\040\145\160\143\156\134\001\210\305}{subsection.9.2}% 180
\BOOKMARK [3][]{subsubsection.9.2.2}{\376\377\0009\000.\0002\000.\0002\000\040\134\017\176\323}{subsection.9.2}% 181
\BOOKMARK [3][]{subsubsection.9.2.3}{\376\377\0009\000.\0002\000.\0003\000\040\123\302\200\003\156\220\170\001}{subsection.9.2}% 182
\BOOKMARK [2][]{subsection.9.3}{\376\377\0009\000.\0003\000\040\213\277\225\356\226\120\122\066}{section.9}% 183
\BOOKMARK [3][]{subsubsection.9.3.1}{\376\377\0009\000.\0003\000.\0001\000\040\176\303\116\140}{subsection.9.3}% 184
\BOOKMARK [3][]{subsubsection.9.3.2}{\376\377\0009\000.\0003\000.\0002\000\040\123\302\200\003\156\220\170\001}{subsection.9.3}% 185
\BOOKMARK [2][]{subsection.9.4}{\376\377\0009\000.\0004\000\040\176\347\142\177\124\214\131\032\140\001}{section.9}% 186
\BOOKMARK [3][]{subsubsection.9.4.1}{\376\377\0009\000.\0004\000.\0001\000\040\227\131\140\001\213\355\212\000\000\040\000v\000s\000\040\122\250\140\001\213\355\212\000}{subsection.9.4}% 187
\BOOKMARK [3][]{subsubsection.9.4.2}{\376\377\0009\000.\0004\000.\0002\000\040\134\017\176\323}{subsection.9.4}% 188
\BOOKMARK [3][]{subsubsection.9.4.3}{\376\377\0009\000.\0004\000.\0003\000\040\123\302\200\003\156\220\170\001}{subsection.9.4}% 189
\BOOKMARK [2][]{subsection.9.5}{\376\377\0009\000.\0005\000\040\203\267\123\326\133\371\214\141\117\341\140\157}{section.9}% 190
\BOOKMARK [3][]{subsubsection.9.5.1}{\376\377\0009\000.\0005\000.\0001\000\040\117\177\165\050\000\040\000t\000y\000p\000e\000\050\000\051}{subsection.9.5}% 191
\BOOKMARK [3][]{subsubsection.9.5.2}{\376\377\0009\000.\0005\000.\0002\000\040\117\177\165\050\000\040\000i\000s\000i\000n\000s\000t\000a\000n\000c\000e\000\050\000\051}{subsection.9.5}% 192
\BOOKMARK [3][]{subsubsection.9.5.3}{\376\377\0009\000.\0005\000.\0003\000\040\117\177\165\050\000\040\000d\000i\000r\000\050\000\051}{subsection.9.5}% 193
\BOOKMARK [3][]{subsubsection.9.5.4}{\376\377\0009\000.\0005\000.\0004\000\040\134\017\176\323}{subsection.9.5}% 194
\BOOKMARK [3][]{subsubsection.9.5.5}{\376\377\0009\000.\0005\000.\0005\000\040\123\302\200\003\156\220\170\001}{subsection.9.5}% 195
\BOOKMARK [2][]{subsection.9.6}{\376\377\0009\000.\0006\000\040\133\236\117\213\134\136\140\047\124\214\174\173\134\136\140\047}{section.9}% 196
\BOOKMARK [3][]{subsubsection.9.6.1}{\376\377\0009\000.\0006\000.\0001\000\040\176\303\116\140}{subsection.9.6}% 197
\BOOKMARK [3][]{subsubsection.9.6.2}{\376\377\0009\000.\0006\000.\0002\000\040\134\017\176\323}{subsection.9.6}% 198
\BOOKMARK [1][]{section.10}{\376\377\0001\0000\000\040\227\142\124\021\133\371\214\141\232\330\176\247\177\026\172\013}{}% 199
\BOOKMARK [2][]{subsection.10.1}{\376\377\0001\0000\000.\0001\000\040\227\142\124\021\133\371\214\141\232\330\176\247\177\026\172\013}{section.10}% 200
\BOOKMARK [2][]{subsection.10.2}{\376\377\0001\0000\000.\0002\000\040\117\177\165\050\000\137\000\137\000s\000l\000o\000t\000s\000\137\000\137}{section.10}% 201
\BOOKMARK [3][]{subsubsection.10.2.1}{\376\377\0001\0000\000.\0002\000.\0001\000\040\117\177\165\050\000\137\000\137\000s\000l\000o\000t\000s\000\137\000\137}{subsection.10.2}% 202
\BOOKMARK [3][]{subsubsection.10.2.2}{\376\377\0001\0000\000.\0002\000.\0002\000\040\123\302\200\003\156\220\170\001}{subsection.10.2}% 203
\BOOKMARK [2][]{subsection.10.3}{\376\377\0001\0000\000.\0003\000\040\117\177\165\050\000\040\000@\000p\000r\000o\000p\000e\000r\000t\000y}{section.10}% 204
\BOOKMARK [3][]{subsubsection.10.3.1}{\376\377\0001\0000\000.\0003\000.\0001\000\040\134\017\176\323}{subsection.10.3}% 205
\BOOKMARK [3][]{subsubsection.10.3.2}{\376\377\0001\0000\000.\0003\000.\0002\000\040\176\303\116\140}{subsection.10.3}% 206
\BOOKMARK [3][]{subsubsection.10.3.3}{\376\377\0001\0000\000.\0003\000.\0003\000\040\123\302\200\003\156\220\170\001}{subsection.10.3}% 207
\BOOKMARK [2][]{subsection.10.4}{\376\377\0001\0000\000.\0004\000\040\131\032\221\315\176\347\142\177}{section.10}% 208
\BOOKMARK [3][]{subsubsection.10.4.1}{\376\377\0001\0000\000.\0004\000.\0001\000\040\000M\000i\000x\000I\000n}{subsection.10.4}% 209
\BOOKMARK [3][]{subsubsection.10.4.2}{\376\377\0001\0000\000.\0004\000.\0002\000\040\134\017\176\323}{subsection.10.4}% 210
\BOOKMARK [2][]{subsection.10.5}{\376\377\0001\0000\000.\0005\000\040\133\232\122\066\174\173}{section.10}% 211
\BOOKMARK [3][]{subsubsection.10.5.1}{\376\377\0001\0000\000.\0005\000.\0001\000\040\000s\000t\000r}{subsection.10.5}% 212
\BOOKMARK [3][]{subsubsection.10.5.2}{\376\377\0001\0000\000.\0005\000.\0002\000\040\000i\000t\000e\000r}{subsection.10.5}% 213
\BOOKMARK [3][]{subsubsection.10.5.3}{\376\377\0001\0000\000.\0005\000.\0003\000\040\000g\000e\000t\000i\000t\000e\000m}{subsection.10.5}% 214
\BOOKMARK [3][]{subsubsection.10.5.4}{\376\377\0001\0000\000.\0005\000.\0004\000\040\000g\000e\000t\000a\000t\000t\000r}{subsection.10.5}% 215
\BOOKMARK [3][]{subsubsection.10.5.5}{\376\377\0001\0000\000.\0005\000.\0005\000\040\000c\000a\000l\000l}{subsection.10.5}% 216
\BOOKMARK [3][]{subsubsection.10.5.6}{\376\377\0001\0000\000.\0005\000.\0006\000\040\134\017\176\323}{subsection.10.5}% 217
\BOOKMARK [3][]{subsubsection.10.5.7}{\376\377\0001\0000\000.\0005\000.\0007\000\040\123\302\200\003\156\220\170\001}{subsection.10.5}% 218
\BOOKMARK [2][]{subsection.10.6}{\376\377\0001\0000\000.\0006\000\040\117\177\165\050\147\232\116\076\174\173}{section.10}% 219
\BOOKMARK [3][]{subsubsection.10.6.1}{\376\377\0001\0000\000.\0006\000.\0001\000\040\176\303\116\140}{subsection.10.6}% 220
\BOOKMARK [3][]{subsubsection.10.6.2}{\376\377\0001\0000\000.\0006\000.\0002\000\040\134\017\176\323}{subsection.10.6}% 221
\BOOKMARK [3][]{subsubsection.10.6.3}{\376\377\0001\0000\000.\0006\000.\0003\000\040\123\302\200\003\156\220\170\001}{subsection.10.6}% 222
\BOOKMARK [2][]{subsection.10.7}{\376\377\0001\0000\000.\0007\000\040\117\177\165\050\121\103\174\173}{section.10}% 223
\BOOKMARK [3][]{subsubsection.10.7.1}{\376\377\0001\0000\000.\0007\000.\0001\000\040\000t\000y\000p\000e\000\050\000\051}{subsection.10.7}% 224
\BOOKMARK [3][]{subsubsection.10.7.2}{\376\377\0001\0000\000.\0007\000.\0002\000\040\000m\000e\000t\000a\000c\000l\000a\000s\000s}{subsection.10.7}% 225
\BOOKMARK [3][]{subsubsection.10.7.3}{\376\377\0001\0000\000.\0007\000.\0003\000\040\134\017\176\323}{subsection.10.7}% 226
\BOOKMARK [3][]{subsubsection.10.7.4}{\376\377\0001\0000\000.\0007\000.\0004\000\040\123\302\200\003\156\220\170\001}{subsection.10.7}% 227
\BOOKMARK [1][]{section.11}{\376\377\0001\0001\000\040\225\031\213\357\060\001\214\003\213\325\124\214\155\113\213\325}{}% 228
\BOOKMARK [2][]{subsection.11.1}{\376\377\0001\0001\000.\0001\000\040\225\031\213\357\060\001\214\003\213\325\124\214\155\113\213\325}{section.11}% 229
\BOOKMARK [2][]{subsection.11.2}{\376\377\0001\0001\000.\0002\000\040\225\031\213\357\131\004\164\006}{section.11}% 230
\BOOKMARK [3][]{subsubsection.11.2.1}{\376\377\0001\0001\000.\0002\000.\0001\000\040\000t\000r\000y}{subsection.11.2}% 231
\BOOKMARK [3][]{subsubsection.11.2.2}{\376\377\0001\0001\000.\0002\000.\0002\000\040\214\003\165\050\150\010}{subsection.11.2}% 232
\BOOKMARK [3][]{subsubsection.11.2.3}{\376\377\0001\0001\000.\0002\000.\0003\000\040\213\260\137\125\225\031\213\357}{subsection.11.2}% 233
\BOOKMARK [3][]{subsubsection.11.2.4}{\376\377\0001\0001\000.\0002\000.\0004\000\040\142\233\121\372\225\031\213\357}{subsection.11.2}% 234
\BOOKMARK [3][]{subsubsection.11.2.5}{\376\377\0001\0001\000.\0002\000.\0005\000\040\176\303\116\140}{subsection.11.2}% 235
\BOOKMARK [3][]{subsubsection.11.2.6}{\376\377\0001\0001\000.\0002\000.\0006\000\040\134\017\176\323}{subsection.11.2}% 236
\BOOKMARK [3][]{subsubsection.11.2.7}{\376\377\0001\0001\000.\0002\000.\0007\000\040\123\302\200\003\156\220\170\001}{subsection.11.2}% 237
\BOOKMARK [2][]{subsection.11.3}{\376\377\0001\0001\000.\0003\000\040\214\003\213\325}{section.11}% 238
\BOOKMARK [3][]{subsubsection.11.3.1}{\376\377\0001\0001\000.\0003\000.\0001\000\040\145\255\212\000}{subsection.11.3}% 239
\BOOKMARK [3][]{subsubsection.11.3.2}{\376\377\0001\0001\000.\0003\000.\0002\000\040\000l\000o\000g\000g\000i\000n\000g}{subsection.11.3}% 240
\BOOKMARK [3][]{subsubsection.11.3.3}{\376\377\0001\0001\000.\0003\000.\0003\000\040\000p\000d\000b}{subsection.11.3}% 241
\BOOKMARK [3][]{subsubsection.11.3.4}{\376\377\0001\0001\000.\0003\000.\0004\000\040\000p\000d\000b\000.\000s\000e\000t\000\137\000t\000r\000a\000c\000e\000\050\000\051}{subsection.11.3}% 242
\BOOKMARK [3][]{subsubsection.11.3.5}{\376\377\0001\0001\000.\0003\000.\0005\000\040\000I\000D\000E}{subsection.11.3}% 243
\BOOKMARK [3][]{subsubsection.11.3.6}{\376\377\0001\0001\000.\0003\000.\0006\000\040\134\017\176\323}{subsection.11.3}% 244
\BOOKMARK [3][]{subsubsection.11.3.7}{\376\377\0001\0001\000.\0003\000.\0007\000\040\123\302\200\003\156\220\170\001}{subsection.11.3}% 245
\BOOKMARK [2][]{subsection.11.4}{\376\377\0001\0001\000.\0004\000\040\123\125\121\103\155\113\213\325}{section.11}% 246
\BOOKMARK [3][]{subsubsection.11.4.1}{\376\377\0001\0001\000.\0004\000.\0001\000\040\217\320\210\114\123\125\121\103\155\113\213\325}{subsection.11.4}% 247
\BOOKMARK [3][]{subsubsection.11.4.2}{\376\377\0001\0001\000.\0004\000.\0002\000\040\000s\000e\000t\000U\000p\000\040\116\016\000\040\000t\000e\000a\000r\000D\000o\000w\000n}{subsection.11.4}% 248
\BOOKMARK [3][]{subsubsection.11.4.3}{\376\377\0001\0001\000.\0004\000.\0003\000\040\176\303\116\140}{subsection.11.4}% 249
\BOOKMARK [3][]{subsubsection.11.4.4}{\376\377\0001\0001\000.\0004\000.\0004\000\040\134\017\176\323}{subsection.11.4}% 250
\BOOKMARK [3][]{subsubsection.11.4.5}{\376\377\0001\0001\000.\0004\000.\0005\000\040\123\302\200\003\156\220\170\001}{subsection.11.4}% 251
\BOOKMARK [2][]{subsection.11.5}{\376\377\0001\0001\000.\0005\000\040\145\207\150\143\155\113\213\325}{section.11}% 252
\BOOKMARK [3][]{subsubsection.11.5.1}{\376\377\0001\0001\000.\0005\000.\0001\000\040\176\303\116\140}{subsection.11.5}% 253
\BOOKMARK [3][]{subsubsection.11.5.2}{\376\377\0001\0001\000.\0005\000.\0002\000\040\134\017\176\323}{subsection.11.5}% 254
\BOOKMARK [3][]{subsubsection.11.5.3}{\376\377\0001\0001\000.\0005\000.\0003\000\040\123\302\200\003\156\220\170\001}{subsection.11.5}% 255
\BOOKMARK [1][]{section.12}{\376\377\0001\0002\000\040\000I\000O\177\026\172\013}{}% 256
\BOOKMARK [2][]{subsection.12.1}{\376\377\0001\0002\000.\0001\000\040\000I\000O\000\040\177\026\172\013}{section.12}% 257
\BOOKMARK [2][]{subsection.12.2}{\376\377\0001\0002\000.\0002\000\040\145\207\116\366\213\373\121\231}{section.12}% 258
\BOOKMARK [3][]{subsubsection.12.2.1}{\376\377\0001\0002\000.\0002\000.\0001\000\040\213\373\145\207\116\366}{subsection.12.2}% 259
\BOOKMARK [3][]{subsubsection.12.2.2}{\376\377\0001\0002\000.\0002\000.\0002\000\040\000f\000i\000l\000e\000-\000l\000i\000k\000e\000\040\000O\000b\000j\000e\000c\000t}{subsection.12.2}% 260
\BOOKMARK [3][]{subsubsection.12.2.3}{\376\377\0001\0002\000.\0002\000.\0003\000\040\116\214\217\333\122\066\145\207\116\366}{subsection.12.2}% 261
\BOOKMARK [3][]{subsubsection.12.2.4}{\376\377\0001\0002\000.\0002\000.\0004\000\040\133\127\173\046\177\026\170\001}{subsection.12.2}% 262
\BOOKMARK [3][]{subsubsection.12.2.5}{\376\377\0001\0002\000.\0002\000.\0005\000\040\121\231\145\207\116\366}{subsection.12.2}% 263
\BOOKMARK [3][]{subsubsection.12.2.6}{\376\377\0001\0002\000.\0002\000.\0006\000\040\176\303\116\140}{subsection.12.2}% 264
\BOOKMARK [3][]{subsubsection.12.2.7}{\376\377\0001\0002\000.\0002\000.\0007\000\040\134\017\176\323}{subsection.12.2}% 265
\BOOKMARK [3][]{subsubsection.12.2.8}{\376\377\0001\0002\000.\0002\000.\0008\000\040\123\302\200\003\156\220\170\001}{subsection.12.2}% 266
\BOOKMARK [2][]{subsection.12.3}{\376\377\0001\0002\000.\0003\000\040\000S\000t\000r\000i\000n\000g\000I\000O\000\040\124\214\000\040\000B\000y\000t\000e\000s\000I\000O}{section.12}% 267
\BOOKMARK [3][]{subsubsection.12.3.1}{\376\377\0001\0002\000.\0003\000.\0001\000\040\000S\000t\000r\000i\000n\000g\000I\000O}{subsection.12.3}% 268
\BOOKMARK [3][]{subsubsection.12.3.2}{\376\377\0001\0002\000.\0003\000.\0002\000\040\000B\000y\000t\000e\000s\000I\000O}{subsection.12.3}% 269
\BOOKMARK [3][]{subsubsection.12.3.3}{\376\377\0001\0002\000.\0003\000.\0003\000\040\134\017\176\323}{subsection.12.3}% 270
\BOOKMARK [3][]{subsubsection.12.3.4}{\376\377\0001\0002\000.\0003\000.\0004\000\040\123\302\200\003\156\220\170\001}{subsection.12.3}% 271
\BOOKMARK [2][]{subsection.12.4}{\376\377\0001\0002\000.\0004\000\040\144\315\117\134\145\207\116\366\124\214\166\356\137\125}{section.12}% 272
\BOOKMARK [3][]{subsubsection.12.4.1}{\376\377\0001\0002\000.\0004\000.\0001\000\040\163\257\130\203\123\330\221\317}{subsection.12.4}% 273
\BOOKMARK [3][]{subsubsection.12.4.2}{\376\377\0001\0002\000.\0004\000.\0002\000\040\144\315\117\134\145\207\116\366\124\214\166\356\137\125}{subsection.12.4}% 274
\BOOKMARK [3][]{subsubsection.12.4.3}{\376\377\0001\0002\000.\0004\000.\0003\000\040\134\017\176\323}{subsection.12.4}% 275
\BOOKMARK [3][]{subsubsection.12.4.4}{\376\377\0001\0002\000.\0004\000.\0004\000\040\176\303\116\140}{subsection.12.4}% 276
\BOOKMARK [3][]{subsubsection.12.4.5}{\376\377\0001\0002\000.\0004\000.\0005\000\040\123\302\200\003\156\220\170\001}{subsection.12.4}% 277
\BOOKMARK [2][]{subsection.12.5}{\376\377\0001\0002\000.\0005\000\040\136\217\122\027\123\026}{section.12}% 278
\BOOKMARK [3][]{subsubsection.12.5.1}{\376\377\0001\0002\000.\0005\000.\0001\000\040\000J\000S\000O\000N}{subsection.12.5}% 279
\BOOKMARK [3][]{subsubsection.12.5.2}{\376\377\0001\0002\000.\0005\000.\0002\000\040\000J\000S\000O\000N\000\040\217\333\226\066}{subsection.12.5}% 280
\BOOKMARK [3][]{subsubsection.12.5.3}{\376\377\0001\0002\000.\0005\000.\0003\000\040\176\303\116\140}{subsection.12.5}% 281
\BOOKMARK [3][]{subsubsection.12.5.4}{\376\377\0001\0002\000.\0005\000.\0004\000\040\134\017\176\323}{subsection.12.5}% 282
\BOOKMARK [3][]{subsubsection.12.5.5}{\376\377\0001\0002\000.\0005\000.\0005\000\040\123\302\200\003\156\220\170\001}{subsection.12.5}% 283
\BOOKMARK [1][]{section.13}{\376\377\0001\0003\000\040\217\333\172\013\124\214\176\277\172\013}{}% 284
\BOOKMARK [2][]{subsection.13.1}{\376\377\0001\0003\000.\0001\000\040\217\333\172\013\124\214\176\277\172\013}{section.13}% 285
\BOOKMARK [3][]{subsubsection.13.1.1}{\376\377\0001\0003\000.\0001\000.\0001\000\040\134\017\176\323}{subsection.13.1}% 286
\BOOKMARK [2][]{subsection.13.2}{\376\377\0001\0003\000.\0002\000\040\131\032\217\333\172\013}{section.13}% 287
\BOOKMARK [3][]{subsubsection.13.2.1}{\376\377\0001\0003\000.\0002\000.\0001\000\040\000m\000u\000l\000t\000i\000p\000r\000o\000c\000e\000s\000s\000i\000n\000g}{subsection.13.2}% 288
\BOOKMARK [3][]{subsubsection.13.2.2}{\376\377\0001\0003\000.\0002\000.\0002\000\040\000P\000o\000o\000l}{subsection.13.2}% 289
\BOOKMARK [3][]{subsubsection.13.2.3}{\376\377\0001\0003\000.\0002\000.\0003\000\040\133\120\217\333\172\013}{subsection.13.2}% 290
\BOOKMARK [3][]{subsubsection.13.2.4}{\376\377\0001\0003\000.\0002\000.\0004\000\040\217\333\172\013\225\364\220\032\117\341}{subsection.13.2}% 291
\BOOKMARK [3][]{subsubsection.13.2.5}{\376\377\0001\0003\000.\0002\000.\0005\000\040\134\017\176\323}{subsection.13.2}% 292
\BOOKMARK [3][]{subsubsection.13.2.6}{\376\377\0001\0003\000.\0002\000.\0006\000\040\123\302\200\003\156\220\170\001}{subsection.13.2}% 293
\BOOKMARK [2][]{subsection.13.3}{\376\377\0001\0003\000.\0003\000\040\131\032\176\277\172\013}{section.13}% 294
\BOOKMARK [3][]{subsubsection.13.3.1}{\376\377\0001\0003\000.\0003\000.\0001\000\040\000L\000o\000c\000k}{subsection.13.3}% 295
\BOOKMARK [3][]{subsubsection.13.3.2}{\376\377\0001\0003\000.\0003\000.\0002\000\040\131\032\150\070\000\040\000C\000P\000U}{subsection.13.3}% 296
\BOOKMARK [3][]{subsubsection.13.3.3}{\376\377\0001\0003\000.\0003\000.\0003\000\040\134\017\176\323}{subsection.13.3}% 297
\BOOKMARK [3][]{subsubsection.13.3.4}{\376\377\0001\0003\000.\0003\000.\0004\000\040\123\302\200\003\156\220\170\001}{subsection.13.3}% 298
\BOOKMARK [2][]{subsection.13.4}{\376\377\0001\0003\000.\0004\000\040\000T\000h\000r\000e\000a\000d\000L\000o\000c\000a\000l}{section.13}% 299
\BOOKMARK [3][]{subsubsection.13.4.1}{\376\377\0001\0003\000.\0004\000.\0001\000\040\134\017\176\323}{subsection.13.4}% 300
\BOOKMARK [3][]{subsubsection.13.4.2}{\376\377\0001\0003\000.\0004\000.\0002\000\040\123\302\200\003\156\220\170\001}{subsection.13.4}% 301
\BOOKMARK [2][]{subsection.13.5}{\376\377\0001\0003\000.\0005\000\040\217\333\172\013\000\040\000v\000s\000.\000\040\176\277\172\013}{section.13}% 302
\BOOKMARK [3][]{subsubsection.13.5.1}{\376\377\0001\0003\000.\0005\000.\0001\000\040\176\277\172\013\122\007\143\142}{subsection.13.5}% 303
\BOOKMARK [3][]{subsubsection.13.5.2}{\376\377\0001\0003\000.\0005\000.\0002\000\040\213\241\173\227\133\306\226\306\127\213\000\040\000v\000s\000.\000\040\000I\000O\000\040\133\306\226\306\127\213}{subsection.13.5}% 304
\BOOKMARK [3][]{subsubsection.13.5.3}{\376\377\0001\0003\000.\0005\000.\0003\000\040\137\002\153\145\000\040\000I\000O}{subsection.13.5}% 305
\BOOKMARK [2][]{subsection.13.6}{\376\377\0001\0003\000.\0006\000\040\122\006\136\003\137\017\217\333\172\013}{section.13}% 306
\BOOKMARK [3][]{subsubsection.13.6.1}{\376\377\0001\0003\000.\0006\000.\0001\000\040\134\017\176\323}{subsection.13.6}% 307
\BOOKMARK [3][]{subsubsection.13.6.2}{\376\377\0001\0003\000.\0006\000.\0002\000\040\123\302\200\003\156\220\170\001}{subsection.13.6}% 308
\BOOKMARK [1][]{section.14}{\376\377\0001\0004\000\040\153\143\122\031\210\150\217\276\137\017}{}% 309
\BOOKMARK [2][]{subsection.14.1}{\376\377\0001\0004\000.\0001\000\040\153\143\122\031\210\150\217\276\137\017}{section.14}% 310
\BOOKMARK [3][]{subsubsection.14.1.1}{\376\377\0001\0004\000.\0001\000.\0001\000\040\217\333\226\066}{subsection.14.1}% 311
\BOOKMARK [3][]{subsubsection.14.1.2}{\376\377\0001\0004\000.\0001\000.\0002\000\040\000r\000e\000\040\152\041\127\127}{subsection.14.1}% 312
\BOOKMARK [3][]{subsubsection.14.1.3}{\376\377\0001\0004\000.\0001\000.\0003\000\040\122\007\122\006\133\127\173\046\116\062}{subsection.14.1}% 313
\BOOKMARK [3][]{subsubsection.14.1.4}{\376\377\0001\0004\000.\0001\000.\0004\000\040\122\006\176\304}{subsection.14.1}% 314
\BOOKMARK [3][]{subsubsection.14.1.5}{\376\377\0001\0004\000.\0001\000.\0005\000\040\215\052\132\152\123\071\221\115}{subsection.14.1}% 315
\BOOKMARK [3][]{subsubsection.14.1.6}{\376\377\0001\0004\000.\0001\000.\0006\000\040\177\026\213\321}{subsection.14.1}% 316
\BOOKMARK [3][]{subsubsection.14.1.7}{\376\377\0001\0004\000.\0001\000.\0007\000\040\134\017\176\323}{subsection.14.1}% 317
\BOOKMARK [3][]{subsubsection.14.1.8}{\376\377\0001\0004\000.\0001\000.\0008\000\040\176\303\116\140}{subsection.14.1}% 318
\BOOKMARK [3][]{subsubsection.14.1.9}{\376\377\0001\0004\000.\0001\000.\0009\000\040\123\302\200\003\156\220\170\001}{subsection.14.1}% 319
\BOOKMARK [1][]{section.15}{\376\377\0001\0005\000\040\136\070\165\050\121\205\136\372\152\041\127\127}{}% 320
\BOOKMARK [2][]{subsection.15.1}{\376\377\0001\0005\000.\0001\000\040\136\070\165\050\121\205\136\372\152\041\127\127}{section.15}% 321
\BOOKMARK [2][]{subsection.15.2}{\376\377\0001\0005\000.\0002\000\040\000d\000a\000t\000e\000t\000i\000m\000e}{section.15}% 322
\BOOKMARK [3][]{subsubsection.15.2.1}{\376\377\0001\0005\000.\0002\000.\0001\000\040\203\267\123\326\137\123\122\115\145\345\147\037\124\214\145\366\225\364}{subsection.15.2}% 323
\BOOKMARK [3][]{subsubsection.15.2.2}{\376\377\0001\0005\000.\0002\000.\0002\000\040\203\267\123\326\143\007\133\232\145\345\147\037\124\214\145\366\225\364}{subsection.15.2}% 324
\BOOKMARK [3][]{subsubsection.15.2.3}{\376\377\0001\0005\000.\0002\000.\0003\000\040\000d\000a\000t\000e\000t\000i\000m\000e\000\040\217\154\143\142\116\072\000\040\000t\000i\000m\000e\000s\000t\000a\000m\000p}{subsection.15.2}% 325
\BOOKMARK [3][]{subsubsection.15.2.4}{\376\377\0001\0005\000.\0002\000.\0004\000\040\000t\000i\000m\000e\000s\000t\000a\000m\000p\000\040\217\154\143\142\116\072\000\040\000d\000a\000t\000e\000t\000i\000m\000e}{subsection.15.2}% 326
\BOOKMARK [3][]{subsubsection.15.2.5}{\376\377\0001\0005\000.\0002\000.\0005\000\040\000s\000t\000r\000\040\217\154\143\142\116\072\000\040\000d\000a\000t\000e\000t\000i\000m\000e}{subsection.15.2}% 327
\BOOKMARK [3][]{subsubsection.15.2.6}{\376\377\0001\0005\000.\0002\000.\0006\000\040\000d\000a\000t\000e\000t\000i\000m\000e\000\040\217\154\143\142\116\072\000\040\000s\000t\000r}{subsection.15.2}% 328
\BOOKMARK [3][]{subsubsection.15.2.7}{\376\377\0001\0005\000.\0002\000.\0007\000\040\000d\000a\000t\000e\000t\000i\000m\000e\000\040\122\240\121\317}{subsection.15.2}% 329
\BOOKMARK [3][]{subsubsection.15.2.8}{\376\377\0001\0005\000.\0002\000.\0008\000\040\147\054\127\060\145\366\225\364\217\154\143\142\116\072\000\040\000U\000T\000C\000\040\145\366\225\364}{subsection.15.2}% 330
\BOOKMARK [3][]{subsubsection.15.2.9}{\376\377\0001\0005\000.\0002\000.\0009\000\040\145\366\123\072\217\154\143\142}{subsection.15.2}% 331
\BOOKMARK [3][]{subsubsection.15.2.10}{\376\377\0001\0005\000.\0002\000.\0001\0000\000\040\134\017\176\323}{subsection.15.2}% 332
\BOOKMARK [3][]{subsubsection.15.2.11}{\376\377\0001\0005\000.\0002\000.\0001\0001\000\040\176\303\116\140}{subsection.15.2}% 333
\BOOKMARK [3][]{subsubsection.15.2.12}{\376\377\0001\0005\000.\0002\000.\0001\0002\000\040\123\302\200\003\156\220\170\001}{subsection.15.2}% 334
\BOOKMARK [2][]{subsection.15.3}{\376\377\0001\0005\000.\0003\000\040\000c\000o\000l\000l\000e\000c\000t\000i\000o\000n\000s}{section.15}% 335
\BOOKMARK [3][]{subsubsection.15.3.1}{\376\377\0001\0005\000.\0003\000.\0001\000\040\000n\000a\000m\000e\000d\000t\000u\000p\000l\000e}{subsection.15.3}% 336
\BOOKMARK [3][]{subsubsection.15.3.2}{\376\377\0001\0005\000.\0003\000.\0002\000\040\000d\000e\000q\000u\000e}{subsection.15.3}% 337
\BOOKMARK [3][]{subsubsection.15.3.3}{\376\377\0001\0005\000.\0003\000.\0003\000\040\000d\000e\000f\000a\000u\000l\000t\000d\000i\000c\000t}{subsection.15.3}% 338
\BOOKMARK [3][]{subsubsection.15.3.4}{\376\377\0001\0005\000.\0003\000.\0004\000\040\000O\000r\000d\000e\000r\000e\000d\000D\000i\000c\000t}{subsection.15.3}% 339
\BOOKMARK [3][]{subsubsection.15.3.5}{\376\377\0001\0005\000.\0003\000.\0005\000\040\000C\000h\000a\000i\000n\000M\000a\000p}{subsection.15.3}% 340
\BOOKMARK [3][]{subsubsection.15.3.6}{\376\377\0001\0005\000.\0003\000.\0006\000\040\000C\000o\000u\000n\000t\000e\000r}{subsection.15.3}% 341
\BOOKMARK [3][]{subsubsection.15.3.7}{\376\377\0001\0005\000.\0003\000.\0007\000\040\134\017\176\323}{subsection.15.3}% 342
\BOOKMARK [3][]{subsubsection.15.3.8}{\376\377\0001\0005\000.\0003\000.\0008\000\040\123\302\200\003\156\220\170\001}{subsection.15.3}% 343
\BOOKMARK [2][]{subsection.15.4}{\376\377\0001\0005\000.\0004\000\040\000b\000a\000s\000e\0006\0004}{section.15}% 344
\BOOKMARK [3][]{subsubsection.15.4.1}{\376\377\0001\0005\000.\0004\000.\0001\000\040\134\017\176\323}{subsection.15.4}% 345
\BOOKMARK [3][]{subsubsection.15.4.2}{\376\377\0001\0005\000.\0004\000.\0002\000\040\176\303\116\140}{subsection.15.4}% 346
\BOOKMARK [3][]{subsubsection.15.4.3}{\376\377\0001\0005\000.\0004\000.\0003\000\040\123\302\200\003\156\220\170\001}{subsection.15.4}% 347
\BOOKMARK [2][]{subsection.15.5}{\376\377\0001\0005\000.\0005\000\040\000s\000t\000r\000u\000c\000t}{section.15}% 348
\BOOKMARK [3][]{subsubsection.15.5.1}{\376\377\0001\0005\000.\0005\000.\0001\000\040\123\302\200\003\156\220\170\001}{subsection.15.5}% 349
\BOOKMARK [2][]{subsection.15.6}{\376\377\0001\0005\000.\0006\000\040\000h\000a\000s\000h\000l\000i\000b}{section.15}% 350
\BOOKMARK [3][]{subsubsection.15.6.1}{\376\377\0001\0005\000.\0006\000.\0001\000\040\144\130\211\201\173\227\154\325\173\200\116\313}{subsection.15.6}% 351
\BOOKMARK [3][]{subsubsection.15.6.2}{\376\377\0001\0005\000.\0006\000.\0002\000\040\144\130\211\201\173\227\154\325\136\224\165\050}{subsection.15.6}% 352
\BOOKMARK [3][]{subsubsection.15.6.3}{\376\377\0001\0005\000.\0006\000.\0003\000\040\176\303\116\140}{subsection.15.6}% 353
\BOOKMARK [3][]{subsubsection.15.6.4}{\376\377\0001\0005\000.\0006\000.\0004\000\040\176\303\116\140}{subsection.15.6}% 354
\BOOKMARK [3][]{subsubsection.15.6.5}{\376\377\0001\0005\000.\0006\000.\0005\000\040\134\017\176\323}{subsection.15.6}% 355
\BOOKMARK [3][]{subsubsection.15.6.6}{\376\377\0001\0005\000.\0006\000.\0006\000\040\123\302\200\003\156\220\170\001}{subsection.15.6}% 356
\BOOKMARK [2][]{subsection.15.7}{\376\377\0001\0005\000.\0007\000\040\000h\000m\000a\000c}{section.15}% 357
\BOOKMARK [3][]{subsubsection.15.7.1}{\376\377\0001\0005\000.\0007\000.\0001\000\040\176\303\116\140}{subsection.15.7}% 358
\BOOKMARK [3][]{subsubsection.15.7.2}{\376\377\0001\0005\000.\0007\000.\0002\000\040\134\017\176\323}{subsection.15.7}% 359
\BOOKMARK [2][]{subsection.15.8}{\376\377\0001\0005\000.\0008\000\040\000i\000t\000e\000r\000t\000o\000o\000l\000s}{section.15}% 360
\BOOKMARK [3][]{subsubsection.15.8.1}{\376\377\0001\0005\000.\0008\000.\0001\000\040\000c\000h\000a\000i\000n\000\050\000\051}{subsection.15.8}% 361
\BOOKMARK [3][]{subsubsection.15.8.2}{\376\377\0001\0005\000.\0008\000.\0002\000\040\000g\000r\000o\000u\000p\000b\000y\000\050\000\051}{subsection.15.8}% 362
\BOOKMARK [3][]{subsubsection.15.8.3}{\376\377\0001\0005\000.\0008\000.\0003\000\040\176\303\116\140}{subsection.15.8}% 363
\BOOKMARK [3][]{subsubsection.15.8.4}{\376\377\0001\0005\000.\0008\000.\0004\000\040\134\017\176\323}{subsection.15.8}% 364
\BOOKMARK [3][]{subsubsection.15.8.5}{\376\377\0001\0005\000.\0008\000.\0005\000\040\123\302\200\003\156\220\170\001}{subsection.15.8}% 365
\BOOKMARK [2][]{subsection.15.9}{\376\377\0001\0005\000.\0009\000\040\000c\000o\000n\000t\000e\000x\000t\000l\000i\000b}{section.15}% 366
\BOOKMARK [3][]{subsubsection.15.9.1}{\376\377\0001\0005\000.\0009\000.\0001\000\040\000@\000c\000o\000n\000t\000e\000x\000t\000m\000a\000n\000a\000g\000e\000r}{subsection.15.9}% 367
\BOOKMARK [3][]{subsubsection.15.9.2}{\376\377\0001\0005\000.\0009\000.\0002\000\040\000@\000c\000l\000o\000s\000i\000n\000g}{subsection.15.9}% 368
\BOOKMARK [2][]{subsection.15.10}{\376\377\0001\0005\000.\0001\0000\000\040\000u\000r\000l\000l\000i\000b}{section.15}% 369
\BOOKMARK [3][]{subsubsection.15.10.1}{\376\377\0001\0005\000.\0001\0000\000.\0001\000\040\000G\000e\000t}{subsection.15.10}% 370
\BOOKMARK [3][]{subsubsection.15.10.2}{\376\377\0001\0005\000.\0001\0000\000.\0002\000\040\000P\000o\000s\000t}{subsection.15.10}% 371
\BOOKMARK [3][]{subsubsection.15.10.3}{\376\377\0001\0005\000.\0001\0000\000.\0003\000\040\000H\000a\000n\000d\000l\000e\000r}{subsection.15.10}% 372
\BOOKMARK [3][]{subsubsection.15.10.4}{\376\377\0001\0005\000.\0001\0000\000.\0004\000\040\134\017\176\323}{subsection.15.10}% 373
\BOOKMARK [3][]{subsubsection.15.10.5}{\376\377\0001\0005\000.\0001\0000\000.\0005\000\040\176\303\116\140}{subsection.15.10}% 374
\BOOKMARK [3][]{subsubsection.15.10.6}{\376\377\0001\0005\000.\0001\0000\000.\0006\000\040\123\302\200\003\156\220\170\001}{subsection.15.10}% 375
\BOOKMARK [2][]{subsection.15.11}{\376\377\0001\0005\000.\0001\0001\000\040\000X\000M\000L}{section.15}% 376
\BOOKMARK [3][]{subsubsection.15.11.1}{\376\377\0001\0005\000.\0001\0001\000.\0001\000\040\000D\000O\000M\000\040\000v\000s\000\040\000S\000A\000X}{subsection.15.11}% 377
\BOOKMARK [3][]{subsubsection.15.11.2}{\376\377\0001\0005\000.\0001\0001\000.\0002\000\040\134\017\176\323}{subsection.15.11}% 378
\BOOKMARK [3][]{subsubsection.15.11.3}{\376\377\0001\0005\000.\0001\0001\000.\0003\000\040\176\303\116\140}{subsection.15.11}% 379
\BOOKMARK [3][]{subsubsection.15.11.4}{\376\377\0001\0005\000.\0001\0001\000.\0004\000\040\123\302\200\003\156\220\170\001}{subsection.15.11}% 380
\BOOKMARK [2][]{subsection.15.12}{\376\377\0001\0005\000.\0001\0002\000\040\000H\000T\000M\000L\000P\000a\000r\000s\000e\000r}{section.15}% 381
\BOOKMARK [3][]{subsubsection.15.12.1}{\376\377\0001\0005\000.\0001\0002\000.\0001\000\040\134\017\176\323}{subsection.15.12}% 382
\BOOKMARK [3][]{subsubsection.15.12.2}{\376\377\0001\0005\000.\0001\0002\000.\0002\000\040\176\303\116\140}{subsection.15.12}% 383
\BOOKMARK [3][]{subsubsection.15.12.3}{\376\377\0001\0005\000.\0001\0002\000.\0003\000\040\123\302\200\003\156\220\170\001}{subsection.15.12}% 384
\BOOKMARK [1][]{section.16}{\376\377\0001\0006\000\040\136\070\165\050\173\054\116\011\145\271\152\041\127\127}{}% 385
\BOOKMARK [2][]{subsection.16.1}{\376\377\0001\0006\000.\0001\000\040\136\070\165\050\173\054\116\011\145\271\152\041\127\127}{section.16}% 386
\BOOKMARK [2][]{subsection.16.2}{\376\377\0001\0006\000.\0002\000\040\000P\000i\000l\000l\000o\000w}{section.16}% 387
\BOOKMARK [3][]{subsubsection.16.2.1}{\376\377\0001\0006\000.\0002\000.\0001\000\040\133\211\210\305\000\040\000P\000i\000l\000l\000o\000w}{subsection.16.2}% 388
\BOOKMARK [3][]{subsubsection.16.2.2}{\376\377\0001\0006\000.\0002\000.\0002\000\040\144\315\117\134\126\376\120\317}{subsection.16.2}% 389
\BOOKMARK [3][]{subsubsection.16.2.3}{\376\377\0001\0006\000.\0002\000.\0003\000\040\134\017\176\323}{subsection.16.2}% 390
\BOOKMARK [3][]{subsubsection.16.2.4}{\376\377\0001\0006\000.\0002\000.\0004\000\040\123\302\200\003\156\220\170\001}{subsection.16.2}% 391
\BOOKMARK [2][]{subsection.16.3}{\376\377\0001\0006\000.\0003\000\040\000r\000e\000q\000u\000e\000s\000t\000s}{section.16}% 392
\BOOKMARK [3][]{subsubsection.16.3.1}{\376\377\0001\0006\000.\0003\000.\0001\000\040\133\211\210\305\000\040\000r\000e\000q\000u\000e\000s\000t\000s}{subsection.16.3}% 393
\BOOKMARK [3][]{subsubsection.16.3.2}{\376\377\0001\0006\000.\0003\000.\0002\000\040\117\177\165\050\000\040\000r\000e\000q\000u\000e\000s\000t\000s}{subsection.16.3}% 394
\BOOKMARK [3][]{subsubsection.16.3.3}{\376\377\0001\0006\000.\0003\000.\0003\000\040\134\017\176\323}{subsection.16.3}% 395
\BOOKMARK [2][]{subsection.16.4}{\376\377\0001\0006\000.\0004\000\040\000c\000h\000a\000r\000d\000e\000t}{section.16}% 396
\BOOKMARK [3][]{subsubsection.16.4.1}{\376\377\0001\0006\000.\0004\000.\0001\000\040\133\211\210\305\000\040\000c\000h\000a\000r\000d\000e\000t}{subsection.16.4}% 397
\BOOKMARK [3][]{subsubsection.16.4.2}{\376\377\0001\0006\000.\0004\000.\0002\000\040\117\177\165\050\000\040\000c\000h\000a\000r\000d\000e\000t}{subsection.16.4}% 398
\BOOKMARK [3][]{subsubsection.16.4.3}{\376\377\0001\0006\000.\0004\000.\0003\000\040\134\017\176\323}{subsection.16.4}% 399
\BOOKMARK [2][]{subsection.16.5}{\376\377\0001\0006\000.\0005\000\040\000p\000s\000u\000t\000i\000l}{section.16}% 400
\BOOKMARK [3][]{subsubsection.16.5.1}{\376\377\0001\0006\000.\0005\000.\0001\000\040\133\211\210\305\000\040\000p\000s\000u\000t\000i\000l}{subsection.16.5}% 401
\BOOKMARK [3][]{subsubsection.16.5.2}{\376\377\0001\0006\000.\0005\000.\0002\000\040\203\267\123\326\000\040\000C\000P\000U\000\040\117\341\140\157}{subsection.16.5}% 402
\BOOKMARK [3][]{subsubsection.16.5.3}{\376\377\0001\0006\000.\0005\000.\0003\000\040\203\267\123\326\121\205\133\130\117\341\140\157}{subsection.16.5}% 403
\BOOKMARK [3][]{subsubsection.16.5.4}{\376\377\0001\0006\000.\0005\000.\0004\000\040\203\267\123\326\170\301\166\330\117\341\140\157}{subsection.16.5}% 404
\BOOKMARK [3][]{subsubsection.16.5.5}{\376\377\0001\0006\000.\0005\000.\0005\000\040\203\267\123\326\177\121\176\334\117\341\140\157}{subsection.16.5}% 405
\BOOKMARK [3][]{subsubsection.16.5.6}{\376\377\0001\0006\000.\0005\000.\0006\000\040\203\267\123\326\217\333\172\013\117\341\140\157}{subsection.16.5}% 406
\BOOKMARK [3][]{subsubsection.16.5.7}{\376\377\0001\0006\000.\0005\000.\0007\000\040\134\017\176\323}{subsection.16.5}% 407
\BOOKMARK [1][]{section.17}{\376\377\0001\0007\000\040\000v\000i\000r\000t\000u\000a\000l\000e\000n\000v}{}% 408
\BOOKMARK [2][]{subsection.17.1}{\376\377\0001\0007\000.\0001\000\040\000v\000i\000r\000t\000u\000a\000l\000e\000n\000v}{section.17}% 409
\BOOKMARK [3][]{subsubsection.17.1.1}{\376\377\0001\0007\000.\0001\000.\0001\000\040\134\017\176\323}{subsection.17.1}% 410
\BOOKMARK [1][]{section.18}{\376\377\0001\0008\000\040\126\376\137\142\165\114\227\142}{}% 411
\BOOKMARK [2][]{subsection.18.1}{\376\377\0001\0008\000.\0001\000\040\126\376\137\142\165\114\227\142}{section.18}% 412
\BOOKMARK [3][]{subsubsection.18.1.1}{\376\377\0001\0008\000.\0001\000.\0001\000\040\000T\000k\000i\000n\000t\000e\000r}{subsection.18.1}% 413
\BOOKMARK [3][]{subsubsection.18.1.2}{\376\377\0001\0008\000.\0001\000.\0002\000\040\173\054\116\000\116\052\000\040\000G\000U\000I\000\040\172\013\136\217}{subsection.18.1}% 414
\BOOKMARK [3][]{subsubsection.18.1.3}{\376\377\0001\0008\000.\0001\000.\0003\000\040\217\223\121\145\145\207\147\054}{subsection.18.1}% 415
\BOOKMARK [3][]{subsubsection.18.1.4}{\376\377\0001\0008\000.\0001\000.\0004\000\040\134\017\176\323}{subsection.18.1}% 416
\BOOKMARK [3][]{subsubsection.18.1.5}{\376\377\0001\0008\000.\0001\000.\0005\000\040\123\302\200\003\156\220\170\001}{subsection.18.1}% 417
\BOOKMARK [2][]{subsection.18.2}{\376\377\0001\0008\000.\0002\000\040\155\167\237\237\176\330\126\376}{section.18}% 418
\BOOKMARK [3][]{subsubsection.18.2.1}{\376\377\0001\0008\000.\0002\000.\0001\000\040\123\302\200\003\156\220\170\001}{subsection.18.2}% 419
\BOOKMARK [1][]{section.19}{\376\377\0001\0009\000\040\177\121\176\334\177\026\172\013}{}% 420
\BOOKMARK [2][]{subsection.19.1}{\376\377\0001\0009\000.\0001\000\040\177\121\176\334\177\026\172\013}{section.19}% 421
\BOOKMARK [2][]{subsection.19.2}{\376\377\0001\0009\000.\0002\000\040\000T\000C\000P\000\040\000I\000P\000\040\173\200\116\313}{section.19}% 422
\BOOKMARK [2][]{subsection.19.3}{\376\377\0001\0009\000.\0003\000\040\000T\000C\000P\000\040\177\026\172\013}{section.19}% 423
\BOOKMARK [3][]{subsubsection.19.3.1}{\376\377\0001\0009\000.\0003\000.\0001\000\040\133\242\142\067\172\357}{subsection.19.3}% 424
\BOOKMARK [3][]{subsubsection.19.3.2}{\376\377\0001\0009\000.\0003\000.\0002\000\040\147\015\122\241\126\150}{subsection.19.3}% 425
\BOOKMARK [3][]{subsubsection.19.3.3}{\376\377\0001\0009\000.\0003\000.\0003\000\040\134\017\176\323}{subsection.19.3}% 426
\BOOKMARK [3][]{subsubsection.19.3.4}{\376\377\0001\0009\000.\0003\000.\0004\000\040\123\302\200\003\156\220\170\001}{subsection.19.3}% 427
\BOOKMARK [2][]{subsection.19.4}{\376\377\0001\0009\000.\0004\000\040\000U\000D\000P\000\040\177\026\172\013}{section.19}% 428
\BOOKMARK [3][]{subsubsection.19.4.1}{\376\377\0001\0009\000.\0004\000.\0001\000\040\134\017\176\323}{subsection.19.4}% 429
\BOOKMARK [3][]{subsubsection.19.4.2}{\376\377\0001\0009\000.\0004\000.\0002\000\040\123\302\200\003\156\220\170\001}{subsection.19.4}% 430
\BOOKMARK [1][]{section.20}{\376\377\0002\0000\000\040\165\065\133\120\220\256\116\366}{}% 431
\BOOKMARK [2][]{subsection.20.1}{\376\377\0002\0000\000.\0001\000\040\165\065\133\120\220\256\116\366}{section.20}% 432
\BOOKMARK [2][]{subsection.20.2}{\376\377\0002\0000\000.\0002\000\040\000S\000M\000T\000P\000\040\123\321\220\001\220\256\116\366}{section.20}% 433
\BOOKMARK [3][]{subsubsection.20.2.1}{\376\377\0002\0000\000.\0002\000.\0001\000\040\123\321\220\001\000\040\000H\000T\000M\000L\000\040\220\256\116\366}{subsection.20.2}% 434
\BOOKMARK [3][]{subsubsection.20.2.2}{\376\377\0002\0000\000.\0002\000.\0002\000\040\123\321\220\001\226\104\116\366}{subsection.20.2}% 435
\BOOKMARK [3][]{subsubsection.20.2.3}{\376\377\0002\0000\000.\0002\000.\0003\000\040\123\321\220\001\126\376\162\107}{subsection.20.2}% 436
\BOOKMARK [3][]{subsubsection.20.2.4}{\376\377\0002\0000\000.\0002\000.\0004\000\040\124\014\145\366\145\057\143\001\000\040\000H\000T\000M\000L\000\040\124\214\000\040\000P\000l\000a\000i\000n\000\040\150\074\137\017}{subsection.20.2}% 437
\BOOKMARK [3][]{subsubsection.20.2.5}{\376\377\0002\0000\000.\0002\000.\0005\000\040\122\240\133\306\000\040\000S\000M\000T\000P}{subsection.20.2}% 438
\BOOKMARK [3][]{subsubsection.20.2.6}{\376\377\0002\0000\000.\0002\000.\0006\000\040\134\017\176\323}{subsection.20.2}% 439
\BOOKMARK [3][]{subsubsection.20.2.7}{\376\377\0002\0000\000.\0002\000.\0007\000\040\123\302\200\003\156\220\170\001}{subsection.20.2}% 440
\BOOKMARK [2][]{subsection.20.3}{\376\377\0002\0000\000.\0003\000\040\000P\000O\000P\0003\000\040\145\066\123\326\220\256\116\366}{section.20}% 441
\BOOKMARK [3][]{subsubsection.20.3.1}{\376\377\0002\0000\000.\0003\000.\0001\000\040\220\032\217\307\000\040\000P\000O\000P\0003\000\040\116\013\217\175\220\256\116\366}{subsection.20.3}% 442
\BOOKMARK [3][]{subsubsection.20.3.2}{\376\377\0002\0000\000.\0003\000.\0002\000\040\211\343\147\220\220\256\116\366}{subsection.20.3}% 443
\BOOKMARK [3][]{subsubsection.20.3.3}{\376\377\0002\0000\000.\0003\000.\0003\000\040\134\017\176\323}{subsection.20.3}% 444
\BOOKMARK [3][]{subsubsection.20.3.4}{\376\377\0002\0000\000.\0003\000.\0004\000\040\123\302\200\003\156\220\170\001}{subsection.20.3}% 445
\BOOKMARK [1][]{section.21}{\376\377\0002\0001\000\040\213\277\225\356\145\160\143\156\136\223}{}% 446
\BOOKMARK [2][]{subsection.21.1}{\376\377\0002\0001\000.\0001\000\040\213\277\225\356\145\160\143\156\136\223}{section.21}% 447
\BOOKMARK [3][]{subsubsection.21.1.1}{\376\377\0002\0001\000.\0001\000.\0001\000\040\000N\000o\000S\000Q\000L}{subsection.21.1}% 448
\BOOKMARK [3][]{subsubsection.21.1.2}{\376\377\0002\0001\000.\0001\000.\0002\000\040\145\160\143\156\136\223\174\173\122\053}{subsection.21.1}% 449
\BOOKMARK [2][]{subsection.21.2}{\376\377\0002\0001\000.\0002\000\040\117\177\165\050\000\040\000S\000Q\000L\000i\000t\000e}{section.21}% 450
\BOOKMARK [3][]{subsubsection.21.2.1}{\376\377\0002\0001\000.\0002\000.\0001\000\040\134\017\176\323}{subsection.21.2}% 451
\BOOKMARK [3][]{subsubsection.21.2.2}{\376\377\0002\0001\000.\0002\000.\0002\000\040\176\303\116\140}{subsection.21.2}% 452
\BOOKMARK [3][]{subsubsection.21.2.3}{\376\377\0002\0001\000.\0002\000.\0003\000\040\123\302\200\003\156\220\170\001}{subsection.21.2}% 453
\BOOKMARK [2][]{subsection.21.3}{\376\377\0002\0001\000.\0003\000\040\117\177\165\050\000\040\000M\000y\000S\000Q\000L}{section.21}% 454
\BOOKMARK [3][]{subsubsection.21.3.1}{\376\377\0002\0001\000.\0003\000.\0001\000\040\133\211\210\305\000\040\000M\000y\000S\000Q\000L}{subsection.21.3}% 455
\BOOKMARK [3][]{subsubsection.21.3.2}{\376\377\0002\0001\000.\0003\000.\0002\000\040\133\211\210\305\000\040\000M\000y\000S\000Q\000L\000\040\232\161\122\250}{subsection.21.3}% 456
\BOOKMARK [3][]{subsubsection.21.3.3}{\376\377\0002\0001\000.\0003\000.\0003\000\040\134\017\176\323}{subsection.21.3}% 457
\BOOKMARK [3][]{subsubsection.21.3.4}{\376\377\0002\0001\000.\0003\000.\0004\000\040\123\302\200\003\156\220\170\001}{subsection.21.3}% 458
\BOOKMARK [2][]{subsection.21.4}{\376\377\0002\0001\000.\0004\000\040\117\177\165\050\000\040\000S\000Q\000L\000A\000l\000c\000h\000e\000m\000y}{section.21}% 459
\BOOKMARK [3][]{subsubsection.21.4.1}{\376\377\0002\0001\000.\0004\000.\0001\000\040\134\017\176\323}{subsection.21.4}% 460
\BOOKMARK [3][]{subsubsection.21.4.2}{\376\377\0002\0001\000.\0004\000.\0002\000\040\123\302\200\003\156\220\170\001}{subsection.21.4}% 461
\BOOKMARK [1][]{section.22}{\376\377\0002\0002\000\040\000W\000e\000b\137\000\123\321}{}% 462
\BOOKMARK [2][]{subsection.22.1}{\376\377\0002\0002\000.\0001\000\040\000W\000e\000b\000\040\137\000\123\321}{section.22}% 463
\BOOKMARK [2][]{subsection.22.2}{\376\377\0002\0002\000.\0002\000\040\000H\000T\000T\000P\000\040\123\117\213\256\173\200\116\313}{section.22}% 464
\BOOKMARK [3][]{subsubsection.22.2.1}{\376\377\0002\0002\000.\0002\000.\0001\000\040\000H\000T\000T\000P\000\040\213\367\154\102}{subsection.22.2}% 465
\BOOKMARK [3][]{subsubsection.22.2.2}{\376\377\0002\0002\000.\0002\000.\0002\000\040\000H\000T\000T\000P\000\040\150\074\137\017}{subsection.22.2}% 466
\BOOKMARK [2][]{subsection.22.3}{\376\377\0002\0002\000.\0003\000\040\000H\000T\000M\000L\000\040\173\200\116\313}{section.22}% 467
\BOOKMARK [3][]{subsubsection.22.3.1}{\376\377\0002\0002\000.\0003\000.\0001\000\040\000C\000S\000S\000\040\173\200\116\313}{subsection.22.3}% 468
\BOOKMARK [3][]{subsubsection.22.3.2}{\376\377\0002\0002\000.\0003\000.\0002\000\040\000J\000a\000v\000a\000S\000c\000r\000i\000p\000t\000\040\173\200\116\313}{subsection.22.3}% 469
\BOOKMARK [3][]{subsubsection.22.3.3}{\376\377\0002\0002\000.\0003\000.\0003\000\040\134\017\176\323}{subsection.22.3}% 470
\BOOKMARK [2][]{subsection.22.4}{\376\377\0002\0002\000.\0004\000\040\000W\000S\000G\000I\000\040\143\245\123\343}{section.22}% 471
\BOOKMARK [3][]{subsubsection.22.4.1}{\376\377\0002\0002\000.\0004\000.\0001\000\040\217\320\210\114\000\040\000W\000S\000G\000I\000\040\147\015\122\241}{subsection.22.4}% 472
\BOOKMARK [3][]{subsubsection.22.4.2}{\376\377\0002\0002\000.\0004\000.\0002\000\040\134\017\176\323}{subsection.22.4}% 473
\BOOKMARK [3][]{subsubsection.22.4.3}{\376\377\0002\0002\000.\0004\000.\0003\000\040\123\302\200\003\156\220\170\001}{subsection.22.4}% 474
\BOOKMARK [2][]{subsection.22.5}{\376\377\0002\0002\000.\0005\000\040\117\177\165\050\000\040\000W\000e\000b\000\040\150\106\147\266}{section.22}% 475
\BOOKMARK [3][]{subsubsection.22.5.1}{\376\377\0002\0002\000.\0005\000.\0001\000\040\134\017\176\323}{subsection.22.5}% 476
\BOOKMARK [3][]{subsubsection.22.5.2}{\376\377\0002\0002\000.\0005\000.\0002\000\040\123\302\200\003\156\220\170\001}{subsection.22.5}% 477
\BOOKMARK [2][]{subsection.22.6}{\376\377\0002\0002\000.\0006\000\040\117\177\165\050\152\041\147\177}{section.22}% 478
\BOOKMARK [3][]{subsubsection.22.6.1}{\376\377\0002\0002\000.\0006\000.\0001\000\040\000h\000o\000m\000e\000.\000h\000t\000m\000l}{subsection.22.6}% 479
\BOOKMARK [3][]{subsubsection.22.6.2}{\376\377\0002\0002\000.\0006\000.\0002\000\040\000f\000o\000r\000m\000.\000h\000t\000m\000l}{subsection.22.6}% 480
\BOOKMARK [3][]{subsubsection.22.6.3}{\376\377\0002\0002\000.\0006\000.\0003\000\040\000s\000i\000g\000n\000i\000n\000-\000o\000k\000.\000h\000t\000m\000l}{subsection.22.6}% 481
\BOOKMARK [3][]{subsubsection.22.6.4}{\376\377\0002\0002\000.\0006\000.\0004\000\040\134\017\176\323}{subsection.22.6}% 482
\BOOKMARK [3][]{subsubsection.22.6.5}{\376\377\0002\0002\000.\0006\000.\0005\000\040\156\220\170\001\123\302\200\003}{subsection.22.6}% 483
\BOOKMARK [1][]{section.23}{\376\377\0002\0003\000\040\137\002\153\145\000I\000O}{}% 484
\BOOKMARK [2][]{subsection.23.1}{\376\377\0002\0003\000.\0001\000\040\137\002\153\145\000\040\000I\000O}{section.23}% 485
\BOOKMARK [2][]{subsection.23.2}{\376\377\0002\0003\000.\0002\000\040\123\117\172\013}{section.23}% 486
\BOOKMARK [3][]{subsubsection.23.2.1}{\376\377\0002\0003\000.\0002\000.\0001\000\040\123\302\200\003\156\220\170\001}{subsection.23.2}% 487
\BOOKMARK [2][]{subsection.23.3}{\376\377\0002\0003\000.\0003\000\040\000a\000s\000y\000n\000c\000i\000o}{section.23}% 488
\BOOKMARK [3][]{subsubsection.23.3.1}{\376\377\0002\0003\000.\0003\000.\0001\000\040\134\017\176\323}{subsection.23.3}% 489
\BOOKMARK [3][]{subsubsection.23.3.2}{\376\377\0002\0003\000.\0003\000.\0002\000\040\123\302\200\003\156\220\170\001}{subsection.23.3}% 490
\BOOKMARK [2][]{subsection.23.4}{\376\377\0002\0003\000.\0004\000\040\000a\000s\000y\000n\000c\000\040\000a\000w\000a\000i\000t}{section.23}% 491
\BOOKMARK [3][]{subsubsection.23.4.1}{\376\377\0002\0003\000.\0004\000.\0001\000\040\134\017\176\323}{subsection.23.4}% 492
\BOOKMARK [3][]{subsubsection.23.4.2}{\376\377\0002\0003\000.\0004\000.\0002\000\040\176\303\116\140}{subsection.23.4}% 493
\BOOKMARK [3][]{subsubsection.23.4.3}{\376\377\0002\0003\000.\0004\000.\0003\000\040\123\302\200\003\156\220\170\001}{subsection.23.4}% 494
\BOOKMARK [2][]{subsection.23.5}{\376\377\0002\0003\000.\0005\000\040\000a\000i\000o\000h\000t\000t\000p}{section.23}% 495
\BOOKMARK [3][]{subsubsection.23.5.1}{\376\377\0002\0003\000.\0005\000.\0001\000\040\123\302\200\003\156\220\170\001}{subsection.23.5}% 496
\BOOKMARK [1][]{section.24}{\376\377\0002\0004\000\040\117\177\165\050\000M\000i\000c\000r\000o\000P\000y\000t\000h\000o\000n}{}% 497
\BOOKMARK [2][]{subsection.24.1}{\376\377\0002\0004\000.\0001\000\040\117\177\165\050\000\040\000M\000i\000c\000r\000o\000P\000y\000t\000h\000o\000n}{section.24}% 498
\BOOKMARK [2][]{subsection.24.2}{\376\377\0002\0004\000.\0002\000\040\144\055\136\372\137\000\123\321\163\257\130\203}{section.24}% 499
\BOOKMARK [3][]{subsubsection.24.2.1}{\376\377\0002\0004\000.\0002\000.\0001\000\040\123\302\200\003\156\220\170\001}{subsection.24.2}% 500
\BOOKMARK [2][]{subsection.24.3}{\376\377\0002\0004\000.\0003\000\040\143\247\122\066\134\017\217\146}{section.24}% 501
\BOOKMARK [3][]{subsubsection.24.3.1}{\376\377\0002\0004\000.\0003\000.\0001\000\040\123\302\200\003\156\220\170\001}{subsection.24.3}% 502
\BOOKMARK [2][]{subsection.24.4}{\376\377\0002\0004\000.\0004\000\040\220\145\143\247\134\017\217\146}{section.24}% 503
\BOOKMARK [3][]{subsubsection.24.4.1}{\376\377\0002\0004\000.\0004\000.\0001\000\040\123\302\200\003\156\220\170\001}{subsection.24.4}% 504
\BOOKMARK [2][]{subsection.24.5}{\376\377\0002\0004\000.\0005\000\040\220\145\143\247\217\154\124\021}{section.24}% 505
\BOOKMARK [3][]{subsubsection.24.5.1}{\376\377\0002\0004\000.\0005\000.\0001\000\040\123\302\200\003\156\220\170\001}{subsection.24.5}% 506
\BOOKMARK [1][]{section.25}{\376\377\0002\0005\000\040\133\236\142\030}{}% 507
\BOOKMARK [2][]{subsection.25.1}{\376\377\0002\0005\000.\0001\000\040\133\236\142\030}{section.25}% 508
\BOOKMARK [3][]{subsubsection.25.1.1}{\376\377\0002\0005\000.\0001\000.\0001\000\040\166\356\150\007}{subsection.25.1}% 509
\BOOKMARK [3][]{subsubsection.25.1.2}{\376\377\0002\0005\000.\0001\000.\0002\000\040\230\171\166\356\124\015\171\360}{subsection.25.1}% 510
\BOOKMARK [3][]{subsubsection.25.1.3}{\376\377\0002\0005\000.\0001\000.\0003\000\040\230\171\166\356\213\241\122\022}{subsection.25.1}% 511
\BOOKMARK [3][]{subsubsection.25.1.4}{\376\377\0002\0005\000.\0001\000.\0004\000\040\000a\000w\000e\000s\000o\000m\000e\000.\000l\000i\000a\000o\000x\000u\000e\000f\000e\000n\000g\000.\000c\000o\000m}{subsection.25.1}% 512
\BOOKMARK [2][]{subsection.25.2}{\376\377\0002\0005\000.\0002\000\040\000D\000a\000y\000\040\0001\000\040\000-\000\040\144\055\136\372\137\000\123\321\163\257\130\203}{section.25}% 513
\BOOKMARK [3][]{subsubsection.25.2.1}{\376\377\0002\0005\000.\0002\000.\0001\000\040\144\055\136\372\137\000\123\321\163\257\130\203}{subsection.25.2}% 514
\BOOKMARK [3][]{subsubsection.25.2.2}{\376\377\0002\0005\000.\0002\000.\0002\000\040\230\171\166\356\176\323\147\204}{subsection.25.2}% 515
\BOOKMARK [3][]{subsubsection.25.2.3}{\376\377\0002\0005\000.\0002\000.\0003\000\040\137\000\123\321\135\345\121\167}{subsection.25.2}% 516
\BOOKMARK [3][]{subsubsection.25.2.4}{\376\377\0002\0005\000.\0002\000.\0004\000\040\123\302\200\003\156\220\170\001}{subsection.25.2}% 517
\BOOKMARK [2][]{subsection.25.3}{\376\377\0002\0005\000.\0003\000\040\000D\000a\000y\000\040\0002\000\040\000-\000\040\177\026\121\231\000\040\000W\000e\000b\000\040\000A\000p\000p\000\040\232\250\147\266}{section.25}% 518
\BOOKMARK [3][]{subsubsection.25.3.1}{\376\377\0002\0005\000.\0003\000.\0001\000\040\123\302\200\003\156\220\170\001}{subsection.25.3}% 519
\BOOKMARK [2][]{subsection.25.4}{\376\377\0002\0005\000.\0004\000\040\000D\000a\000y\000\040\0003\000\040\000-\000\040\177\026\121\231\000\040\000O\000R\000M}{section.25}% 520
\BOOKMARK [3][]{subsubsection.25.4.1}{\376\377\0002\0005\000.\0004\000.\0001\000\040\122\033\136\372\217\336\143\245\154\140}{subsection.25.4}% 521
\BOOKMARK [3][]{subsubsection.25.4.2}{\376\377\0002\0005\000.\0004\000.\0002\000\040\000S\000e\000l\000e\000c\000t}{subsection.25.4}% 522
\BOOKMARK [3][]{subsubsection.25.4.3}{\376\377\0002\0005\000.\0004\000.\0003\000\040\000I\000n\000s\000e\000r\000t\000,\000\040\000U\000p\000d\000a\000t\000e\000,\000\040\000D\000e\000l\000e\000t\000e}{subsection.25.4}% 523
\BOOKMARK [3][]{subsubsection.25.4.4}{\376\377\0002\0005\000.\0004\000.\0004\000\040\000O\000R\000M}{subsection.25.4}% 524
\BOOKMARK [3][]{subsubsection.25.4.5}{\376\377\0002\0005\000.\0004\000.\0005\000\040\133\232\116\111\000\040\000M\000o\000d\000e\000l}{subsection.25.4}% 525
\BOOKMARK [3][]{subsubsection.25.4.6}{\376\377\0002\0005\000.\0004\000.\0006\000\040\123\302\200\003\156\220\170\001}{subsection.25.4}% 526
\BOOKMARK [2][]{subsection.25.5}{\376\377\0002\0005\000.\0005\000\040\000D\000a\000y\000\040\0004\000\040\000-\000\040\177\026\121\231\000\040\000M\000o\000d\000e\000l}{section.25}% 527
\BOOKMARK [3][]{subsubsection.25.5.1}{\376\377\0002\0005\000.\0005\000.\0001\000\040\122\035\131\313\123\026\145\160\143\156\136\223\210\150}{subsection.25.5}% 528
\BOOKMARK [3][]{subsubsection.25.5.2}{\376\377\0002\0005\000.\0005\000.\0002\000\040\177\026\121\231\145\160\143\156\213\277\225\356\116\343\170\001}{subsection.25.5}% 529
\BOOKMARK [3][]{subsubsection.25.5.3}{\376\377\0002\0005\000.\0005\000.\0003\000\040\123\302\200\003\156\220\170\001}{subsection.25.5}% 530
\BOOKMARK [2][]{subsection.25.6}{\376\377\0002\0005\000.\0006\000\040\000D\000a\000y\000\040\0005\000\040\000-\000\040\177\026\121\231\000\040\000W\000e\000b\000\040\150\106\147\266}{section.25}% 531
\BOOKMARK [3][]{subsubsection.25.6.1}{\376\377\0002\0005\000.\0006\000.\0001\000\040\000@\000g\000e\000t\000\040\124\214\000\040\000@\000p\000o\000s\000t}{subsection.25.6}% 532
\BOOKMARK [3][]{subsubsection.25.6.2}{\376\377\0002\0005\000.\0006\000.\0002\000\040\133\232\116\111\000\040\000R\000e\000q\000u\000e\000s\000t\000H\000a\000n\000d\000l\000e\000r}{subsection.25.6}% 533
\BOOKMARK [3][]{subsubsection.25.6.3}{\376\377\0002\0005\000.\0006\000.\0003\000\040\000m\000i\000d\000d\000l\000e\000w\000a\000r\000e}{subsection.25.6}% 534
\BOOKMARK [3][]{subsubsection.25.6.4}{\376\377\0002\0005\000.\0006\000.\0004\000\040\123\302\200\003\156\220\170\001}{subsection.25.6}% 535
\BOOKMARK [2][]{subsection.25.7}{\376\377\0002\0005\000.\0007\000\040\000D\000a\000y\000\040\0006\000\040\000-\000\040\177\026\121\231\221\115\177\156\145\207\116\366}{section.25}% 536
\BOOKMARK [3][]{subsubsection.25.7.1}{\376\377\0002\0005\000.\0007\000.\0001\000\040\123\302\200\003\156\220\170\001}{subsection.25.7}% 537
\BOOKMARK [2][]{subsection.25.8}{\376\377\0002\0005\000.\0008\000\040\000D\000a\000y\000\040\0007\000\040\000-\000\040\177\026\121\231\000\040\000M\000V\000C}{section.25}% 538
\BOOKMARK [3][]{subsubsection.25.8.1}{\376\377\0002\0005\000.\0008\000.\0001\000\040\123\302\200\003\156\220\170\001}{subsection.25.8}% 539
\BOOKMARK [2][]{subsection.25.9}{\376\377\0002\0005\000.\0009\000\040\000D\000a\000y\000\040\0008\000\040\000-\000\040\147\204\136\372\122\115\172\357}{section.25}% 540
\BOOKMARK [3][]{subsubsection.25.9.1}{\376\377\0002\0005\000.\0009\000.\0001\000\040\123\302\200\003\156\220\170\001}{subsection.25.9}% 541
\BOOKMARK [2][]{subsection.25.10}{\376\377\0002\0005\000.\0001\0000\000\040\000D\000a\000y\000\040\0009\000\040\000-\000\040\177\026\121\231\000\040\000A\000P\000I}{section.25}% 542
\BOOKMARK [3][]{subsubsection.25.10.1}{\376\377\0002\0005\000.\0001\0000\000.\0001\000\040\123\302\200\003\156\220\170\001}{subsection.25.10}% 543
\BOOKMARK [2][]{subsection.25.11}{\376\377\0002\0005\000.\0001\0001\000\040\000D\000a\000y\000\040\0001\0000\000\040\000-\000\040\165\050\142\067\154\350\121\214\124\214\166\173\137\125}{section.25}% 544
\BOOKMARK [3][]{subsubsection.25.11.1}{\376\377\0002\0005\000.\0001\0001\000.\0001\000\040\123\302\200\003\156\220\170\001}{subsection.25.11}% 545
\BOOKMARK [2][]{subsection.25.12}{\376\377\0002\0005\000.\0001\0002\000\040\000D\000a\000y\000\040\0001\0001\000\040\000-\000\040\177\026\121\231\145\345\137\327\122\033\136\372\230\165}{section.25}% 546
\BOOKMARK [3][]{subsubsection.25.12.1}{\376\377\0002\0005\000.\0001\0002\000.\0001\000\040\123\302\200\003\156\220\170\001}{subsection.25.12}% 547
\BOOKMARK [2][]{subsection.25.13}{\376\377\0002\0005\000.\0001\0003\000\040\000D\000a\000y\000\040\0001\0002\000\040\000-\000\040\177\026\121\231\145\345\137\327\122\027\210\150\230\165}{section.25}% 548
\BOOKMARK [3][]{subsubsection.25.13.1}{\376\377\0002\0005\000.\0001\0003\000.\0001\000\040\123\302\200\003\156\220\170\001}{subsection.25.13}% 549
\BOOKMARK [2][]{subsection.25.14}{\376\377\0002\0005\000.\0001\0004\000\040\000D\000a\000y\000\040\0001\0003\000\040\000-\000\040\143\320\123\107\137\000\123\321\145\110\163\207}{section.25}% 550
\BOOKMARK [2][]{subsection.25.15}{\376\377\0002\0005\000.\0001\0005\000\040\000D\000a\000y\000\040\0001\0004\000\040\000-\000\040\133\214\142\020\000\040\000W\000e\000b\000\040\000A\000p\000p}{section.25}% 551
\BOOKMARK [3][]{subsubsection.25.15.1}{\376\377\0002\0005\000.\0001\0005\000.\0001\000\040\123\302\200\003\156\220\170\001}{subsection.25.15}% 552
\BOOKMARK [2][]{subsection.25.16}{\376\377\0002\0005\000.\0001\0006\000\040\000D\000a\000y\000\040\0001\0005\000\040\000-\000\040\220\350\177\162\000\040\000W\000e\000b\000\040\000A\000p\000p}{section.25}% 553
\BOOKMARK [3][]{subsubsection.25.16.1}{\376\377\0002\0005\000.\0001\0006\000.\0001\000\040\144\055\136\372\000\040\000L\000i\000n\000u\000x\000\040\147\015\122\241\126\150}{subsection.25.16}% 554
\BOOKMARK [3][]{subsubsection.25.16.2}{\376\377\0002\0005\000.\0001\0006\000.\0002\000\040\220\350\177\162\145\271\137\017}{subsection.25.16}% 555
\BOOKMARK [3][]{subsubsection.25.16.3}{\376\377\0002\0005\000.\0001\0006\000.\0003\000\040\220\350\177\162}{subsection.25.16}% 556
\BOOKMARK [3][]{subsubsection.25.16.4}{\376\377\0002\0005\000.\0001\0006\000.\0004\000\040\221\115\177\156\000\040\000S\000u\000p\000e\000r\000v\000i\000s\000o\000r}{subsection.25.16}% 557
\BOOKMARK [3][]{subsubsection.25.16.5}{\376\377\0002\0005\000.\0001\0006\000.\0005\000\040\221\115\177\156\000\040\000N\000g\000i\000n\000x}{subsection.25.16}% 558
\BOOKMARK [3][]{subsubsection.25.16.6}{\376\377\0002\0005\000.\0001\0006\000.\0006\000\040\123\313\140\305\224\376\143\245}{subsection.25.16}% 559
\BOOKMARK [3][]{subsubsection.25.16.7}{\376\377\0002\0005\000.\0001\0006\000.\0007\000\040\123\302\200\003\156\220\170\001}{subsection.25.16}% 560
\BOOKMARK [2][]{subsection.25.17}{\376\377\0002\0005\000.\0001\0007\000\040\000D\000a\000y\000\040\0001\0006\000\040\000-\000\040\177\026\121\231\171\373\122\250\000\040\000A\000p\000p}{section.25}% 561
\BOOKMARK [3][]{subsubsection.25.17.1}{\376\377\0002\0005\000.\0001\0007\000.\0001\000\040\137\000\123\321\000\040\000i\000P\000h\000o\000n\000e\000\040\162\110\147\054}{subsection.25.17}% 562
\BOOKMARK [3][]{subsubsection.25.17.2}{\376\377\0002\0005\000.\0001\0007\000.\0002\000\040\123\302\200\003\156\220\170\001}{subsection.25.17}% 563
\BOOKMARK [1][]{section.26}{\376\377\0002\0006\000\040\000F\000A\000Q}{}% 564
\BOOKMARK [2][]{subsection.26.1}{\376\377\0002\0006\000.\0001\000\040\000F\000A\000Q}{section.26}% 565
\BOOKMARK [3][]{subsubsection.26.1.1}{\376\377\0002\0006\000.\0001\000.\0001\000\040\136\070\211\301\225\356\230\230}{subsection.26.1}% 566
\BOOKMARK [3][]{subsubsection.26.1.2}{\376\377\0002\0006\000.\0001\000.\0002\000\040\131\202\117\125\203\267\123\326\137\123\122\115\215\357\137\204}{subsection.26.1}% 567
\BOOKMARK [3][]{subsubsection.26.1.3}{\376\377\0002\0006\000.\0001\000.\0003\000\040\131\202\117\125\203\267\123\326\137\123\122\115\152\041\127\127\166\204\145\207\116\366\124\015}{subsection.26.1}% 568
\BOOKMARK [3][]{subsubsection.26.1.4}{\376\377\0002\0006\000.\0001\000.\0004\000\040\131\202\117\125\203\267\123\326\124\175\116\344\210\114\123\302\145\160}{subsection.26.1}% 569
\BOOKMARK [3][]{subsubsection.26.1.5}{\376\377\0002\0006\000.\0001\000.\0005\000\040\131\202\117\125\203\267\123\326\137\123\122\115\000\040\000P\000y\000t\000h\000o\000n\000\040\124\175\116\344\166\204\123\357\142\147\210\114\145\207\116\366\215\357\137\204}{subsection.26.1}% 570
\BOOKMARK [1][]{section.27}{\376\377\0002\0007\000\040\147\037\147\053\140\073\176\323}{}% 571
\BOOKMARK [2][]{subsection.27.1}{\376\377\0002\0007\000.\0001\000\040\147\037\147\053\140\073\176\323}{section.27}% 572
